#
# There is insufficient memory for the Java Runtime Environment to continue.
# Native memory allocation (mmap) failed to map 551550976 bytes for G1 virtual space
# Possible reasons:
#   The system is out of physical RAM or swap space
#   The process is running with CompressedOops enabled, and the Java Heap may be blocking the growth of the native heap
# Possible solutions:
#   Reduce memory load on the system
#   Increase physical memory or swap space
#   Check if swap backing store is full
#   Decrease Java heap size (-Xmx/-Xms)
#   Decrease number of Java threads
#   Decrease Java thread stack sizes (-Xss)
#   Set larger code cache with -XX:ReservedCodeCacheSize=
#   JVM is running with Zero Based Compressed Oops mode in which the Java heap is
#     placed in the first 32GB address space. The Java Heap base address is the
#     maximum limit for the native heap growth. Please use -XX:HeapBaseMinAddress
#     to set the Java Heap base and to place the Java Heap above 32GB virtual address.
# This output file may be truncated or incomplete.
#
#  Out of Memory Error (os_windows.cpp:3551), pid=19940, tid=15684
#
# JRE version: Java(TM) SE Runtime Environment (17.0.16+12) (build 17.0.16+12-LTS-247)
# Java VM: Java HotSpot(TM) 64-Bit Server VM (17.0.16+12-LTS-247, mixed mode, emulated-client, sharing, tiered, compressed oops, compressed class ptrs, g1 gc, windows-amd64)
# No core dump will be written. Minidumps are not enabled by default on client versions of Windows
#

---------------  S U M M A R Y ------------

Command Line: -XX:TieredStopAtLevel=1 com.QhomeBase.assetmaintenanceservice.AssetMaintenanceServiceApplication

Host: AMD Ryzen 7 5800H with Radeon Graphics         , 16 cores, 15G,  Windows 11 , 64 bit Build 22621 (10.0.22621.3958)
Time: Wed Nov 12 05:25:49 2025 SE Asia Standard Time elapsed time: 6.672422 seconds (0d 0h 0m 6s)

---------------  T H R E A D  ---------------

Current thread (0x00000174d0f0d1c0):  VMThread "VM Thread" [stack: 0x0000004ab8500000,0x0000004ab8600000] [id=15684]

Stack: [0x0000004ab8500000,0x0000004ab8600000]
Native frames: (J=compiled Java code, j=interpreted, Vv=VM code, C=native code)
V  [jvm.dll+0x67a46a]
V  [jvm.dll+0x7da77d]
V  [jvm.dll+0x7dc0c3]
V  [jvm.dll+0x7dc733]
V  [jvm.dll+0x24523f]
V  [jvm.dll+0x677499]
V  [jvm.dll+0x66c122]
V  [jvm.dll+0x302156]
V  [jvm.dll+0x3096f6]
V  [jvm.dll+0x35a04e]
V  [jvm.dll+0x35a27f]
V  [jvm.dll+0x2d9228]
V  [jvm.dll+0x2d765d]
V  [jvm.dll+0x2d6cac]
V  [jvm.dll+0x31a80b]
V  [jvm.dll+0x7e102b]
V  [jvm.dll+0x7e1d64]
V  [jvm.dll+0x7e227d]
V  [jvm.dll+0x7e2654]
V  [jvm.dll+0x7e2720]
V  [jvm.dll+0x78b18a]
V  [jvm.dll+0x679355]
C  [ucrtbase.dll+0x29333]
C  [KERNEL32.DLL+0x1257d]
C  [ntdll.dll+0x5af08]

VM_Operation (0x0000004ab7ff81e0): G1CollectForAllocation, mode: safepoint, requested by thread 0x00000174b9bccb80


---------------  P R O C E S S  ---------------

Threads class SMR info:
_java_thread_list=0x00000175183fd720, length=22, elements={
0x00000174b9bccb80, 0x00000174d0f12410, 0x00000174d0f13280, 0x00000174d135c230,
0x00000174d135cea0, 0x00000174d135e860, 0x00000174d135f210, 0x00000174d135fbc0,
0x00000174d136edd0, 0x00000174d0ef8fe0, 0x00000174d15034d0, 0x00000174d15039e0,
0x00000174d1503ef0, 0x00000174d154bca0, 0x00000174d154cd40, 0x00000175174e0bc0,
0x000001751829f010, 0x00000175182af620, 0x00000175182b0b10, 0x00000175183b8010,
0x00000175183b84e0, 0x0000017518423040
}

Java Threads: ( => current thread )
  0x00000174b9bccb80 JavaThread "main" [_thread_blocked, id=25576, stack(0x0000004ab7f00000,0x0000004ab8000000)]
  0x00000174d0f12410 JavaThread "Reference Handler" daemon [_thread_blocked, id=26896, stack(0x0000004ab8600000,0x0000004ab8700000)]
  0x00000174d0f13280 JavaThread "Finalizer" daemon [_thread_blocked, id=29192, stack(0x0000004ab8700000,0x0000004ab8800000)]
  0x00000174d135c230 JavaThread "Signal Dispatcher" daemon [_thread_blocked, id=22076, stack(0x0000004ab8800000,0x0000004ab8900000)]
  0x00000174d135cea0 JavaThread "Attach Listener" daemon [_thread_blocked, id=32056, stack(0x0000004ab8900000,0x0000004ab8a00000)]
  0x00000174d135e860 JavaThread "Service Thread" daemon [_thread_blocked, id=1848, stack(0x0000004ab8a00000,0x0000004ab8b00000)]
  0x00000174d135f210 JavaThread "Monitor Deflation Thread" daemon [_thread_blocked, id=17792, stack(0x0000004ab8b00000,0x0000004ab8c00000)]
  0x00000174d135fbc0 JavaThread "C1 CompilerThread0" daemon [_thread_blocked, id=17484, stack(0x0000004ab8c00000,0x0000004ab8d00000)]
  0x00000174d136edd0 JavaThread "Sweeper thread" daemon [_thread_blocked, id=24784, stack(0x0000004ab8d00000,0x0000004ab8e00000)]
  0x00000174d0ef8fe0 JavaThread "C1 CompilerThread1" daemon [_thread_blocked, id=20796, stack(0x0000004ab8e00000,0x0000004ab8f00000)]
  0x00000174d15034d0 JavaThread "C1 CompilerThread2" daemon [_thread_blocked, id=2544, stack(0x0000004ab8f00000,0x0000004ab9000000)]
  0x00000174d15039e0 JavaThread "C1 CompilerThread3" daemon [_thread_blocked, id=3136, stack(0x0000004ab9000000,0x0000004ab9100000)]
  0x00000174d1503ef0 JavaThread "C1 CompilerThread4" daemon [_thread_blocked, id=26336, stack(0x0000004ab9100000,0x0000004ab9200000)]
  0x00000174d154bca0 JavaThread "Notification Thread" daemon [_thread_blocked, id=23860, stack(0x0000004ab9200000,0x0000004ab9300000)]
  0x00000174d154cd40 JavaThread "Common-Cleaner" daemon [_thread_blocked, id=32736, stack(0x0000004ab9400000,0x0000004ab9500000)]
  0x00000175174e0bc0 JavaThread "C1 CompilerThread5" daemon [_thread_blocked, id=27392, stack(0x0000004ab9c00000,0x0000004ab9d00000)]
  0x000001751829f010 JavaThread "Catalina-utility-1" [_thread_blocked, id=32244, stack(0x0000004aba400000,0x0000004aba500000)]
  0x00000175182af620 JavaThread "Catalina-utility-2" [_thread_blocked, id=32032, stack(0x0000004aba500000,0x0000004aba600000)]
  0x00000175182b0b10 JavaThread "container-0" [_thread_blocked, id=24716, stack(0x0000004aba600000,0x0000004aba700000)]
  0x00000175183b8010 JavaThread "PostgreSQL-JDBC-Cleaner" daemon [_thread_blocked, id=25392, stack(0x0000004aba800000,0x0000004aba900000)]
  0x00000175183b84e0 JavaThread "HikariPool-1:housekeeper" daemon [_thread_blocked, id=13620, stack(0x0000004aba900000,0x0000004abaa00000)]
  0x0000017518423040 JavaThread "HikariPool-1:connection-adder" daemon [_thread_blocked, id=7024, stack(0x0000004abaa00000,0x0000004abab00000)]

Other Threads:
=>0x00000174d0f0d1c0 VMThread "VM Thread" [stack: 0x0000004ab8500000,0x0000004ab8600000] [id=15684]
  0x00000174b9c66550 WatcherThread [stack: 0x0000004ab9300000,0x0000004ab9400000] [id=20376]
  0x00000174b9c3ea20 GCTaskThread "GC Thread#0" [stack: 0x0000004ab8000000,0x0000004ab8100000] [id=30844]
  0x00000174d1e21a60 GCTaskThread "GC Thread#1" [stack: 0x0000004ab9500000,0x0000004ab9600000] [id=19836]
  0x00000174d1e21d20 GCTaskThread "GC Thread#2" [stack: 0x0000004ab9600000,0x0000004ab9700000] [id=4292]
  0x00000174d1e21fe0 GCTaskThread "GC Thread#3" [stack: 0x0000004ab9700000,0x0000004ab9800000] [id=6676]
  0x00000174d1e226b0 GCTaskThread "GC Thread#4" [stack: 0x0000004ab9800000,0x0000004ab9900000] [id=32140]
  0x00000174d1e22970 GCTaskThread "GC Thread#5" [stack: 0x0000004ab9900000,0x0000004ab9a00000] [id=9212]
  0x00000175171ca330 GCTaskThread "GC Thread#6" [stack: 0x0000004ab9a00000,0x0000004ab9b00000] [id=10244]
  0x00000175175b7890 GCTaskThread "GC Thread#7" [stack: 0x0000004ab9d00000,0x0000004ab9e00000] [id=32636]
  0x00000175175cbe30 GCTaskThread "GC Thread#8" [stack: 0x0000004ab9e00000,0x0000004ab9f00000] [id=27488]
  0x00000175175cc500 GCTaskThread "GC Thread#9" [stack: 0x0000004ab9f00000,0x0000004aba000000] [id=18088]
  0x00000175175cc7c0 GCTaskThread "GC Thread#10" [stack: 0x0000004aba000000,0x0000004aba100000] [id=5068]
  0x00000175175cce90 GCTaskThread "GC Thread#11" [stack: 0x0000004aba100000,0x0000004aba200000] [id=28080]
  0x0000017517929830 GCTaskThread "GC Thread#12" [stack: 0x0000004ab9b00000,0x0000004ab9c00000] [id=32668]
  0x00000174b9c4f730 ConcurrentGCThread "G1 Main Marker" [stack: 0x0000004ab8100000,0x0000004ab8200000] [id=720]
  0x00000174b9c508e0 ConcurrentGCThread "G1 Conc#0" [stack: 0x0000004ab8200000,0x0000004ab8300000] [id=30100]
  0x00000175179d6430 ConcurrentGCThread "G1 Conc#1" [stack: 0x0000004aba200000,0x0000004aba300000] [id=7640]
  0x0000017517937d60 ConcurrentGCThread "G1 Conc#2" [stack: 0x0000004aba300000,0x0000004aba400000] [id=30564]
  0x00000174d0dc14b0 ConcurrentGCThread "G1 Refine#0" [stack: 0x0000004ab8300000,0x0000004ab8400000] [id=27188]
  0x000001751904a650 ConcurrentGCThread "G1 Refine#1" [stack: 0x0000004abab00000,0x0000004abac00000] [id=26764]
  0x000001751904bae0 ConcurrentGCThread "G1 Refine#2" [stack: 0x0000004abac00000,0x0000004abad00000] [id=26760]
  0x000001751904a940 ConcurrentGCThread "G1 Refine#3" [stack: 0x0000004abad00000,0x0000004abae00000] [id=17644]
  0x000001751904ac30 ConcurrentGCThread "G1 Refine#4" [stack: 0x0000004abae00000,0x0000004abaf00000] [id=20608]
  0x000001751904af20 ConcurrentGCThread "G1 Refine#5" [stack: 0x0000004abaf00000,0x0000004abb000000] [id=20032]
  0x000001751904b210 ConcurrentGCThread "G1 Refine#6" [stack: 0x0000004abb000000,0x0000004abb100000] [id=30920]
  0x000001751904a070 ConcurrentGCThread "G1 Refine#7" [stack: 0x0000004abb100000,0x0000004abb200000] [id=3192]
  0x000001751904b7f0 ConcurrentGCThread "G1 Refine#8" [stack: 0x0000004abb200000,0x0000004abb300000] [id=32452]
  0x000001751904a360 ConcurrentGCThread "G1 Refine#9" [stack: 0x0000004abb300000,0x0000004abb400000] [id=19120]
  0x00000174d0dc1cf0 ConcurrentGCThread "G1 Service" [stack: 0x0000004ab8400000,0x0000004ab8500000] [id=1904]

Threads with active compile tasks:

VM state: at safepoint (normal execution)

VM Mutex/Monitor currently owned by a thread:  ([mutex/lock_event])
[0x00000174b9bc8720] Threads_lock - owner thread: 0x00000174d0f0d1c0
[0x00000174b9bc8210] Heap_lock - owner thread: 0x00000174b9bccb80

Heap address: 0x0000000702400000, size: 4060 MB, Compressed Oops mode: Zero based, Oop shift amount: 3

CDS archive(s) mapped at: [0x00000174d2000000-0x00000174d2bd0000-0x00000174d2bd0000), size 12386304, SharedBaseAddress: 0x00000174d2000000, ArchiveRelocationMode: 1.
Compressed class space mapped at: 0x00000174d3000000-0x0000017513000000, reserved size: 1073741824
Narrow klass base: 0x00000174d2000000, Narrow klass shift: 0, Narrow klass range: 0x100000000

GC Precious Log:
 CPUs: 16 total, 16 available
 Memory: 16236M
 Large Page Support: Disabled
 NUMA Support: Disabled
 Compressed Oops: Enabled (Zero based)
 Heap Region Size: 2M
 Heap Min Capacity: 8M
 Heap Initial Capacity: 254M
 Heap Max Capacity: 4060M
 Pre-touch: Disabled
 Parallel Workers: 13
 Concurrent Workers: 3
 Concurrent Refinement Workers: 13
 Periodic GC: Disabled

Heap:
 garbage-first heap   total 348160K, used 180767K [0x0000000702400000, 0x0000000800000000)
  region size 2048K, 4 young (8192K), 4 survivors (8192K)
 Metaspace       used 81078K, committed 81856K, reserved 1179648K
  class space    used 12011K, committed 12416K, reserved 1048576K

Heap Regions: E=young(eden), S=young(survivor), O=old, HS=humongous(starts), HC=humongous(continues), CS=collection set, F=free, OA=open archive, CA=closed archive, TAMS=top-at-mark-start (previous, next)
|   0|0x0000000702400000, 0x0000000702600000, 0x0000000702600000|100%| O|  |TAMS 0x0000000702600000, 0x0000000702600000| Untracked 
|   1|0x0000000702600000, 0x0000000702800000, 0x0000000702800000|100%| O|  |TAMS 0x0000000702800000, 0x0000000702800000| Untracked 
|   2|0x0000000702800000, 0x0000000702a00000, 0x0000000702a00000|100%| O|  |TAMS 0x0000000702a00000, 0x0000000702a00000| Untracked 
|   3|0x0000000702a00000, 0x0000000702c00000, 0x0000000702c00000|100%| O|  |TAMS 0x0000000702c00000, 0x0000000702c00000| Untracked 
|   4|0x0000000702c00000, 0x0000000702dce200, 0x0000000702e00000| 90%| O|  |TAMS 0x0000000702dce200, 0x0000000702dce200| Untracked 
|   5|0x0000000702e00000, 0x0000000703000000, 0x0000000703000000|100%| O|  |TAMS 0x0000000703000000, 0x0000000703000000| Untracked 
|   6|0x0000000703000000, 0x0000000703200000, 0x0000000703200000|100%| O|  |TAMS 0x0000000703200000, 0x0000000703200000| Untracked 
|   7|0x0000000703200000, 0x0000000703400000, 0x0000000703400000|100%| O|  |TAMS 0x0000000703400000, 0x0000000703400000| Untracked 
|   8|0x0000000703400000, 0x0000000703600000, 0x0000000703600000|100%| O|  |TAMS 0x0000000703600000, 0x0000000703600000| Untracked 
|   9|0x0000000703600000, 0x0000000703800000, 0x0000000703800000|100%| O|  |TAMS 0x0000000703800000, 0x0000000703800000| Untracked 
|  10|0x0000000703800000, 0x0000000703a00000, 0x0000000703a00000|100%| O|  |TAMS 0x0000000703a00000, 0x0000000703a00000| Untracked 
|  11|0x0000000703a00000, 0x0000000703c00000, 0x0000000703c00000|100%| O|  |TAMS 0x0000000703c00000, 0x0000000703c00000| Untracked 
|  12|0x0000000703c00000, 0x0000000703e00000, 0x0000000703e00000|100%| O|  |TAMS 0x0000000703e00000, 0x0000000703e00000| Untracked 
|  13|0x0000000703e00000, 0x0000000704000000, 0x0000000704000000|100%| O|  |TAMS 0x0000000704000000, 0x0000000704000000| Untracked 
|  14|0x0000000704000000, 0x0000000704200000, 0x0000000704200000|100%| O|  |TAMS 0x0000000704200000, 0x0000000704200000| Untracked 
|  15|0x0000000704200000, 0x0000000704400000, 0x0000000704400000|100%| O|  |TAMS 0x0000000704400000, 0x0000000704400000| Untracked 
|  16|0x0000000704400000, 0x0000000704600000, 0x0000000704600000|100%| O|  |TAMS 0x0000000704600000, 0x0000000704600000| Untracked 
|  17|0x0000000704600000, 0x0000000704800000, 0x0000000704800000|100%| O|  |TAMS 0x0000000704800000, 0x0000000704800000| Untracked 
|  18|0x0000000704800000, 0x0000000704a00000, 0x0000000704a00000|100%| O|  |TAMS 0x0000000704a00000, 0x0000000704a00000| Untracked 
|  19|0x0000000704a00000, 0x0000000704c00000, 0x0000000704c00000|100%| O|  |TAMS 0x0000000704c00000, 0x0000000704c00000| Untracked 
|  20|0x0000000704c00000, 0x0000000704e00000, 0x0000000704e00000|100%| O|  |TAMS 0x0000000704e00000, 0x0000000704e00000| Untracked 
|  21|0x0000000704e00000, 0x0000000705000000, 0x0000000705000000|100%| O|  |TAMS 0x0000000705000000, 0x0000000705000000| Untracked 
|  22|0x0000000705000000, 0x0000000705200000, 0x0000000705200000|100%| O|  |TAMS 0x0000000705200000, 0x0000000705200000| Untracked 
|  23|0x0000000705200000, 0x0000000705400000, 0x0000000705400000|100%| O|  |TAMS 0x0000000705400000, 0x0000000705400000| Untracked 
|  24|0x0000000705400000, 0x0000000705600000, 0x0000000705600000|100%| O|  |TAMS 0x0000000705600000, 0x0000000705600000| Untracked 
|  25|0x0000000705600000, 0x0000000705800000, 0x0000000705800000|100%| O|  |TAMS 0x0000000705800000, 0x0000000705800000| Untracked 
|  26|0x0000000705800000, 0x0000000705a00000, 0x0000000705a00000|100%| O|  |TAMS 0x0000000705a00000, 0x0000000705a00000| Untracked 
|  27|0x0000000705a00000, 0x0000000705c00000, 0x0000000705c00000|100%| O|  |TAMS 0x0000000705c00000, 0x0000000705c00000| Untracked 
|  28|0x0000000705c00000, 0x0000000705e00000, 0x0000000705e00000|100%| O|  |TAMS 0x0000000705e00000, 0x0000000705e00000| Untracked 
|  29|0x0000000705e00000, 0x0000000706000000, 0x0000000706000000|100%| O|  |TAMS 0x0000000706000000, 0x0000000706000000| Untracked 
|  30|0x0000000706000000, 0x0000000706200000, 0x0000000706200000|100%|HS|  |TAMS 0x0000000706000000, 0x0000000706200000| Complete 
|  31|0x0000000706200000, 0x0000000706400000, 0x0000000706400000|100%| O|  |TAMS 0x0000000706400000, 0x0000000706400000| Untracked 
|  32|0x0000000706400000, 0x0000000706600000, 0x0000000706600000|100%| O|  |TAMS 0x0000000706600000, 0x0000000706600000| Untracked 
|  33|0x0000000706600000, 0x0000000706800000, 0x0000000706800000|100%| O|  |TAMS 0x0000000706800000, 0x0000000706800000| Untracked 
|  34|0x0000000706800000, 0x0000000706a00000, 0x0000000706a00000|100%| O|  |TAMS 0x0000000706a00000, 0x0000000706a00000| Untracked 
|  35|0x0000000706a00000, 0x0000000706c00000, 0x0000000706c00000|100%| O|  |TAMS 0x0000000706a00000, 0x0000000706c00000| Untracked 
|  36|0x0000000706c00000, 0x0000000706e00000, 0x0000000706e00000|100%| O|  |TAMS 0x0000000706c00000, 0x0000000706e00000| Untracked 
|  37|0x0000000706e00000, 0x0000000707000000, 0x0000000707000000|100%| O|  |TAMS 0x0000000706e00000, 0x0000000707000000| Untracked 
|  38|0x0000000707000000, 0x0000000707200000, 0x0000000707200000|100%| O|  |TAMS 0x0000000707000000, 0x0000000707200000| Untracked 
|  39|0x0000000707200000, 0x0000000707400000, 0x0000000707400000|100%| O|  |TAMS 0x0000000707296000, 0x0000000707400000| Untracked 
|  40|0x0000000707400000, 0x0000000707600000, 0x0000000707600000|100%| O|  |TAMS 0x0000000707400000, 0x0000000707600000| Untracked 
|  41|0x0000000707600000, 0x0000000707800000, 0x0000000707800000|100%| O|  |TAMS 0x0000000707600000, 0x0000000707800000| Untracked 
|  42|0x0000000707800000, 0x0000000707a00000, 0x0000000707a00000|100%| O|  |TAMS 0x0000000707800000, 0x0000000707a00000| Untracked 
|  43|0x0000000707a00000, 0x0000000707c00000, 0x0000000707c00000|100%| O|  |TAMS 0x0000000707a00000, 0x0000000707c00000| Untracked 
|  44|0x0000000707c00000, 0x0000000707e00000, 0x0000000707e00000|100%| O|  |TAMS 0x0000000707c00000, 0x0000000707e00000| Untracked 
|  45|0x0000000707e00000, 0x0000000708000000, 0x0000000708000000|100%| O|  |TAMS 0x0000000707e00000, 0x0000000708000000| Untracked 
|  46|0x0000000708000000, 0x0000000708200000, 0x0000000708200000|100%| O|  |TAMS 0x0000000708000000, 0x0000000708200000| Untracked 
|  47|0x0000000708200000, 0x0000000708400000, 0x0000000708400000|100%| O|  |TAMS 0x0000000708200000, 0x0000000708400000| Untracked 
|  48|0x0000000708400000, 0x0000000708600000, 0x0000000708600000|100%| O|  |TAMS 0x0000000708400000, 0x0000000708600000| Untracked 
|  49|0x0000000708600000, 0x0000000708800000, 0x0000000708800000|100%| O|  |TAMS 0x0000000708600000, 0x0000000708800000| Untracked 
|  50|0x0000000708800000, 0x0000000708a00000, 0x0000000708a00000|100%| O|  |TAMS 0x0000000708800000, 0x0000000708a00000| Untracked 
|  51|0x0000000708a00000, 0x0000000708c00000, 0x0000000708c00000|100%| O|  |TAMS 0x0000000708a00000, 0x0000000708c00000| Untracked 
|  52|0x0000000708c00000, 0x0000000708e00000, 0x0000000708e00000|100%| O|  |TAMS 0x0000000708c00000, 0x0000000708e00000| Untracked 
|  53|0x0000000708e00000, 0x0000000709000000, 0x0000000709000000|100%| O|  |TAMS 0x0000000708e00000, 0x0000000709000000| Untracked 
|  54|0x0000000709000000, 0x0000000709200000, 0x0000000709200000|100%| O|  |TAMS 0x0000000709000000, 0x0000000709200000| Untracked 
|  55|0x0000000709200000, 0x0000000709400000, 0x0000000709400000|100%| O|  |TAMS 0x0000000709200000, 0x0000000709400000| Untracked 
|  56|0x0000000709400000, 0x0000000709600000, 0x0000000709600000|100%| O|  |TAMS 0x0000000709400000, 0x0000000709600000| Untracked 
|  57|0x0000000709600000, 0x0000000709800000, 0x0000000709800000|100%|HS|  |TAMS 0x0000000709600000, 0x0000000709800000| Complete 
|  58|0x0000000709800000, 0x0000000709a00000, 0x0000000709a00000|100%|HC|  |TAMS 0x0000000709800000, 0x0000000709a00000| Complete 
|  59|0x0000000709a00000, 0x0000000709c00000, 0x0000000709c00000|100%| O|  |TAMS 0x0000000709a00000, 0x0000000709c00000| Untracked 
|  60|0x0000000709c00000, 0x0000000709e00000, 0x0000000709e00000|100%| O|  |TAMS 0x0000000709c00000, 0x0000000709e00000| Untracked 
|  61|0x0000000709e00000, 0x000000070a000000, 0x000000070a000000|100%| O|  |TAMS 0x0000000709e00000, 0x000000070a000000| Untracked 
|  62|0x000000070a000000, 0x000000070a200000, 0x000000070a200000|100%| O|  |TAMS 0x000000070a000000, 0x000000070a200000| Untracked 
|  63|0x000000070a200000, 0x000000070a400000, 0x000000070a400000|100%| O|  |TAMS 0x000000070a200000, 0x000000070a400000| Untracked 
|  64|0x000000070a400000, 0x000000070a600000, 0x000000070a600000|100%| O|  |TAMS 0x000000070a400000, 0x000000070a600000| Untracked 
|  65|0x000000070a600000, 0x000000070a800000, 0x000000070a800000|100%| O|  |TAMS 0x000000070a600000, 0x000000070a800000| Untracked 
|  66|0x000000070a800000, 0x000000070aa00000, 0x000000070aa00000|100%| O|  |TAMS 0x000000070a800000, 0x000000070aa00000| Untracked 
|  67|0x000000070aa00000, 0x000000070ac00000, 0x000000070ac00000|100%| O|  |TAMS 0x000000070aa00000, 0x000000070ac00000| Untracked 
|  68|0x000000070ac00000, 0x000000070ae00000, 0x000000070ae00000|100%| O|  |TAMS 0x000000070ac00000, 0x000000070ae00000| Untracked 
|  69|0x000000070ae00000, 0x000000070b000000, 0x000000070b000000|100%| O|  |TAMS 0x000000070ae00000, 0x000000070b000000| Untracked 
|  70|0x000000070b000000, 0x000000070b200000, 0x000000070b200000|100%| O|  |TAMS 0x000000070b000000, 0x000000070b200000| Untracked 
|  71|0x000000070b200000, 0x000000070b400000, 0x000000070b400000|100%| O|  |TAMS 0x000000070b200000, 0x000000070b400000| Untracked 
|  72|0x000000070b400000, 0x000000070b600000, 0x000000070b600000|100%| O|  |TAMS 0x000000070b400000, 0x000000070b600000| Untracked 
|  73|0x000000070b600000, 0x000000070b800000, 0x000000070b800000|100%| O|  |TAMS 0x000000070b600000, 0x000000070b800000| Untracked 
|  74|0x000000070b800000, 0x000000070ba00000, 0x000000070ba00000|100%| O|  |TAMS 0x000000070b800000, 0x000000070ba00000| Untracked 
|  75|0x000000070ba00000, 0x000000070bc00000, 0x000000070bc00000|100%| O|  |TAMS 0x000000070ba00000, 0x000000070bc00000| Untracked 
|  76|0x000000070bc00000, 0x000000070be00000, 0x000000070be00000|100%| O|  |TAMS 0x000000070bc00000, 0x000000070be00000| Untracked 
|  77|0x000000070be00000, 0x000000070c000000, 0x000000070c000000|100%| O|  |TAMS 0x000000070be00000, 0x000000070c000000| Untracked 
|  78|0x000000070c000000, 0x000000070c200000, 0x000000070c200000|100%| O|  |TAMS 0x000000070c000000, 0x000000070c200000| Untracked 
|  79|0x000000070c200000, 0x000000070c400000, 0x000000070c400000|100%| O|  |TAMS 0x000000070c200000, 0x000000070c400000| Untracked 
|  80|0x000000070c400000, 0x000000070c600000, 0x000000070c600000|100%| O|  |TAMS 0x000000070c400000, 0x000000070c600000| Untracked 
|  81|0x000000070c600000, 0x000000070c800000, 0x000000070c800000|100%| O|  |TAMS 0x000000070c600000, 0x000000070c800000| Untracked 
|  82|0x000000070c800000, 0x000000070ca00000, 0x000000070ca00000|100%| O|  |TAMS 0x000000070c800000, 0x000000070ca00000| Untracked 
|  83|0x000000070ca00000, 0x000000070cc00000, 0x000000070cc00000|100%| O|  |TAMS 0x000000070ca00000, 0x000000070cc00000| Untracked 
|  84|0x000000070cc00000, 0x000000070cd4e800, 0x000000070ce00000| 65%| O|  |TAMS 0x000000070cc00000, 0x000000070cd4e800| Untracked 
|  85|0x000000070ce00000, 0x000000070ce00000, 0x000000070d000000|  0%| F|  |TAMS 0x000000070ce00000, 0x000000070ce00000| Untracked 
|  86|0x000000070d000000, 0x000000070d000000, 0x000000070d200000|  0%| F|  |TAMS 0x000000070d000000, 0x000000070d000000| Untracked 
|  87|0x000000070d200000, 0x000000070d200000, 0x000000070d400000|  0%| F|  |TAMS 0x000000070d200000, 0x000000070d200000| Untracked 
|  88|0x000000070d400000, 0x000000070d400000, 0x000000070d600000|  0%| F|  |TAMS 0x000000070d400000, 0x000000070d400000| Untracked 
|  89|0x000000070d600000, 0x000000070d600000, 0x000000070d800000|  0%| F|  |TAMS 0x000000070d600000, 0x000000070d600000| Untracked 
|  90|0x000000070d800000, 0x000000070d800000, 0x000000070da00000|  0%| F|  |TAMS 0x000000070d800000, 0x000000070d800000| Untracked 
|  91|0x000000070da00000, 0x000000070da00000, 0x000000070dc00000|  0%| F|  |TAMS 0x000000070da00000, 0x000000070da00000| Untracked 
|  92|0x000000070dc00000, 0x000000070dc00000, 0x000000070de00000|  0%| F|  |TAMS 0x000000070dc00000, 0x000000070dc00000| Untracked 
|  93|0x000000070de00000, 0x000000070de00000, 0x000000070e000000|  0%| F|  |TAMS 0x000000070de00000, 0x000000070de00000| Untracked 
|  94|0x000000070e000000, 0x000000070e000000, 0x000000070e200000|  0%| F|  |TAMS 0x000000070e000000, 0x000000070e000000| Untracked 
|  95|0x000000070e200000, 0x000000070e200000, 0x000000070e400000|  0%| F|  |TAMS 0x000000070e200000, 0x000000070e200000| Untracked 
|  96|0x000000070e400000, 0x000000070e400000, 0x000000070e600000|  0%| F|  |TAMS 0x000000070e400000, 0x000000070e400000| Untracked 
|  97|0x000000070e600000, 0x000000070e600000, 0x000000070e800000|  0%| F|  |TAMS 0x000000070e600000, 0x000000070e600000| Untracked 
|  98|0x000000070e800000, 0x000000070e800000, 0x000000070ea00000|  0%| F|  |TAMS 0x000000070e800000, 0x000000070e800000| Untracked 
|  99|0x000000070ea00000, 0x000000070ea00000, 0x000000070ec00000|  0%| F|  |TAMS 0x000000070ea00000, 0x000000070ea00000| Untracked 
| 100|0x000000070ec00000, 0x000000070ec00000, 0x000000070ee00000|  0%| F|  |TAMS 0x000000070ec00000, 0x000000070ec00000| Untracked 
| 101|0x000000070ee00000, 0x000000070ee00000, 0x000000070f000000|  0%| F|  |TAMS 0x000000070ee00000, 0x000000070ee00000| Untracked 
| 102|0x000000070f000000, 0x000000070f000000, 0x000000070f200000|  0%| F|  |TAMS 0x000000070f000000, 0x000000070f000000| Untracked 
| 103|0x000000070f200000, 0x000000070f200000, 0x000000070f400000|  0%| F|  |TAMS 0x000000070f200000, 0x000000070f200000| Untracked 
| 104|0x000000070f400000, 0x000000070f400000, 0x000000070f600000|  0%| F|  |TAMS 0x000000070f400000, 0x000000070f400000| Untracked 
| 105|0x000000070f600000, 0x000000070f600000, 0x000000070f800000|  0%| F|  |TAMS 0x000000070f600000, 0x000000070f600000| Untracked 
| 106|0x000000070f800000, 0x000000070f800000, 0x000000070fa00000|  0%| F|  |TAMS 0x000000070f800000, 0x000000070f800000| Untracked 
| 107|0x000000070fa00000, 0x000000070fa00000, 0x000000070fc00000|  0%| F|  |TAMS 0x000000070fa00000, 0x000000070fa00000| Untracked 
| 108|0x000000070fc00000, 0x000000070fc00000, 0x000000070fe00000|  0%| F|  |TAMS 0x000000070fc00000, 0x000000070fc00000| Untracked 
| 109|0x000000070fe00000, 0x000000070fe00000, 0x0000000710000000|  0%| F|  |TAMS 0x000000070fe00000, 0x000000070fe00000| Untracked 
| 110|0x0000000710000000, 0x0000000710000000, 0x0000000710200000|  0%| F|  |TAMS 0x0000000710000000, 0x0000000710000000| Untracked 
| 111|0x0000000710200000, 0x0000000710200000, 0x0000000710400000|  0%| F|  |TAMS 0x0000000710200000, 0x0000000710200000| Untracked 
| 112|0x0000000710400000, 0x0000000710400000, 0x0000000710600000|  0%| F|  |TAMS 0x0000000710400000, 0x0000000710400000| Untracked 
| 113|0x0000000710600000, 0x0000000710600000, 0x0000000710800000|  0%| F|  |TAMS 0x0000000710600000, 0x0000000710600000| Untracked 
| 114|0x0000000710800000, 0x0000000710800000, 0x0000000710a00000|  0%| F|  |TAMS 0x0000000710800000, 0x0000000710800000| Untracked 
| 115|0x0000000710a00000, 0x0000000710a00000, 0x0000000710c00000|  0%| F|  |TAMS 0x0000000710a00000, 0x0000000710a00000| Untracked 
| 116|0x0000000710c00000, 0x0000000710c00000, 0x0000000710e00000|  0%| F|  |TAMS 0x0000000710c00000, 0x0000000710c00000| Untracked 
| 117|0x0000000710e00000, 0x0000000710e00000, 0x0000000711000000|  0%| F|  |TAMS 0x0000000710e00000, 0x0000000710e00000| Untracked 
| 118|0x0000000711000000, 0x0000000711000000, 0x0000000711200000|  0%| F|  |TAMS 0x0000000711000000, 0x0000000711000000| Untracked 
| 119|0x0000000711200000, 0x0000000711200000, 0x0000000711400000|  0%| F|  |TAMS 0x0000000711200000, 0x0000000711200000| Untracked 
| 120|0x0000000711400000, 0x0000000711400000, 0x0000000711600000|  0%| F|  |TAMS 0x0000000711400000, 0x0000000711400000| Untracked 
| 121|0x0000000711600000, 0x0000000711600000, 0x0000000711800000|  0%| F|  |TAMS 0x0000000711600000, 0x0000000711600000| Untracked 
| 122|0x0000000711800000, 0x0000000711800000, 0x0000000711a00000|  0%| F|  |TAMS 0x0000000711800000, 0x0000000711800000| Untracked 
| 123|0x0000000711a00000, 0x0000000711b6b408, 0x0000000711c00000| 70%| S|CS|TAMS 0x0000000711a00000, 0x0000000711a00000| Complete 
| 124|0x0000000711c00000, 0x0000000711e00000, 0x0000000711e00000|100%| S|CS|TAMS 0x0000000711c00000, 0x0000000711c00000| Complete 
| 125|0x0000000711e00000, 0x0000000712000000, 0x0000000712000000|100%| S|CS|TAMS 0x0000000711e00000, 0x0000000711e00000| Complete 
| 126|0x0000000712000000, 0x0000000712200000, 0x0000000712200000|100%| S|CS|TAMS 0x0000000712000000, 0x0000000712000000| Complete 
| 127|0x0000000712200000, 0x0000000712200000, 0x0000000712400000|  0%| F|  |TAMS 0x0000000712200000, 0x0000000712200000| Untracked 
| 128|0x0000000712400000, 0x0000000712400000, 0x0000000712600000|  0%| F|  |TAMS 0x0000000712400000, 0x0000000712400000| Untracked 
| 129|0x0000000712600000, 0x0000000712600000, 0x0000000712800000|  0%| F|  |TAMS 0x0000000712600000, 0x0000000712600000| Untracked 
| 130|0x0000000712800000, 0x0000000712800000, 0x0000000712a00000|  0%| F|  |TAMS 0x0000000712800000, 0x0000000712800000| Untracked 
| 131|0x0000000712a00000, 0x0000000712a00000, 0x0000000712c00000|  0%| F|  |TAMS 0x0000000712a00000, 0x0000000712a00000| Untracked 
| 132|0x0000000712c00000, 0x0000000712c00000, 0x0000000712e00000|  0%| F|  |TAMS 0x0000000712c00000, 0x0000000712c00000| Untracked 
| 133|0x0000000712e00000, 0x0000000712e00000, 0x0000000713000000|  0%| F|  |TAMS 0x0000000712e00000, 0x0000000712e00000| Untracked 
| 134|0x0000000713000000, 0x0000000713000000, 0x0000000713200000|  0%| F|  |TAMS 0x0000000713000000, 0x0000000713000000| Untracked 
| 135|0x0000000713200000, 0x0000000713200000, 0x0000000713400000|  0%| F|  |TAMS 0x0000000713200000, 0x0000000713200000| Untracked 
| 136|0x0000000713400000, 0x0000000713400000, 0x0000000713600000|  0%| F|  |TAMS 0x0000000713400000, 0x0000000713400000| Untracked 
| 137|0x0000000713600000, 0x0000000713600000, 0x0000000713800000|  0%| F|  |TAMS 0x0000000713600000, 0x0000000713600000| Untracked 
| 138|0x0000000713800000, 0x0000000713800000, 0x0000000713a00000|  0%| F|  |TAMS 0x0000000713800000, 0x0000000713800000| Untracked 
| 139|0x0000000713a00000, 0x0000000713a00000, 0x0000000713c00000|  0%| F|  |TAMS 0x0000000713a00000, 0x0000000713a00000| Untracked 
| 140|0x0000000713c00000, 0x0000000713c00000, 0x0000000713e00000|  0%| F|  |TAMS 0x0000000713c00000, 0x0000000713c00000| Untracked 
| 141|0x0000000713e00000, 0x0000000713e00000, 0x0000000714000000|  0%| F|  |TAMS 0x0000000713e00000, 0x0000000713e00000| Untracked 
| 142|0x0000000714000000, 0x0000000714000000, 0x0000000714200000|  0%| F|  |TAMS 0x0000000714000000, 0x0000000714000000| Untracked 
| 143|0x0000000714200000, 0x0000000714200000, 0x0000000714400000|  0%| F|  |TAMS 0x0000000714200000, 0x0000000714200000| Untracked 
| 144|0x0000000714400000, 0x0000000714400000, 0x0000000714600000|  0%| F|  |TAMS 0x0000000714400000, 0x0000000714400000| Untracked 
| 145|0x0000000714600000, 0x0000000714600000, 0x0000000714800000|  0%| F|  |TAMS 0x0000000714600000, 0x0000000714600000| Untracked 
| 146|0x0000000714800000, 0x0000000714800000, 0x0000000714a00000|  0%| F|  |TAMS 0x0000000714800000, 0x0000000714800000| Untracked 
| 147|0x0000000714a00000, 0x0000000714a00000, 0x0000000714c00000|  0%| F|  |TAMS 0x0000000714a00000, 0x0000000714a00000| Untracked 
| 148|0x0000000714c00000, 0x0000000714c00000, 0x0000000714e00000|  0%| F|  |TAMS 0x0000000714c00000, 0x0000000714c00000| Untracked 
| 149|0x0000000714e00000, 0x0000000714e00000, 0x0000000715000000|  0%| F|  |TAMS 0x0000000714e00000, 0x0000000714e00000| Untracked 
| 150|0x0000000715000000, 0x0000000715000000, 0x0000000715200000|  0%| F|  |TAMS 0x0000000715000000, 0x0000000715000000| Untracked 
| 151|0x0000000715200000, 0x0000000715200000, 0x0000000715400000|  0%| F|  |TAMS 0x0000000715200000, 0x0000000715200000| Untracked 
| 152|0x0000000715400000, 0x0000000715400000, 0x0000000715600000|  0%| F|  |TAMS 0x0000000715400000, 0x0000000715400000| Untracked 
| 153|0x0000000715600000, 0x0000000715600000, 0x0000000715800000|  0%| F|  |TAMS 0x0000000715600000, 0x0000000715600000| Untracked 
| 154|0x0000000715800000, 0x0000000715800000, 0x0000000715a00000|  0%| F|  |TAMS 0x0000000715800000, 0x0000000715800000| Untracked 
| 155|0x0000000715a00000, 0x0000000715a00000, 0x0000000715c00000|  0%| F|  |TAMS 0x0000000715a00000, 0x0000000715a00000| Untracked 
| 156|0x0000000715c00000, 0x0000000715c00000, 0x0000000715e00000|  0%| F|  |TAMS 0x0000000715c00000, 0x0000000715c00000| Untracked 
| 157|0x0000000715e00000, 0x0000000715e00000, 0x0000000716000000|  0%| F|  |TAMS 0x0000000715e00000, 0x0000000715e00000| Untracked 
| 158|0x0000000716000000, 0x0000000716000000, 0x0000000716200000|  0%| F|  |TAMS 0x0000000716000000, 0x0000000716000000| Untracked 
| 159|0x0000000716200000, 0x0000000716200000, 0x0000000716400000|  0%| F|  |TAMS 0x0000000716200000, 0x0000000716200000| Untracked 
| 160|0x0000000716400000, 0x0000000716400000, 0x0000000716600000|  0%| F|  |TAMS 0x0000000716400000, 0x0000000716400000| Untracked 
| 161|0x0000000716600000, 0x0000000716600000, 0x0000000716800000|  0%| F|  |TAMS 0x0000000716600000, 0x0000000716600000| Untracked 
| 162|0x0000000716800000, 0x0000000716800000, 0x0000000716a00000|  0%| F|  |TAMS 0x0000000716800000, 0x0000000716800000| Untracked 
| 163|0x0000000716a00000, 0x0000000716a00000, 0x0000000716c00000|  0%| F|  |TAMS 0x0000000716a00000, 0x0000000716a00000| Untracked 
| 164|0x0000000716c00000, 0x0000000716c00000, 0x0000000716e00000|  0%| F|  |TAMS 0x0000000716c00000, 0x0000000716c00000| Untracked 
| 165|0x0000000716e00000, 0x0000000716e00000, 0x0000000717000000|  0%| F|  |TAMS 0x0000000716e00000, 0x0000000716e00000| Untracked 
| 166|0x0000000717000000, 0x0000000717000000, 0x0000000717200000|  0%| F|  |TAMS 0x0000000717000000, 0x0000000717000000| Untracked 
| 167|0x0000000717200000, 0x0000000717200000, 0x0000000717400000|  0%| F|  |TAMS 0x0000000717200000, 0x0000000717200000| Untracked 
| 168|0x0000000717400000, 0x0000000717400000, 0x0000000717600000|  0%| F|  |TAMS 0x0000000717400000, 0x0000000717400000| Untracked 
| 169|0x0000000717600000, 0x0000000717600000, 0x0000000717800000|  0%| F|  |TAMS 0x0000000717600000, 0x0000000717600000| Untracked 

Card table byte_map: [0x00000174c52f0000,0x00000174c5ae0000] _byte_map_base: 0x00000174c1ade000

Marking Bits (Prev, Next): (CMBitMap*) 0x00000174b9c3f080, (CMBitMap*) 0x00000174b9c3f040
 Prev Bits: [0x00000174ca240000, 0x00000174ce1b0000)
 Next Bits: [0x00000174c62d0000, 0x00000174ca240000)

Polling page: 0x00000174b7ae0000

Metaspace:

Usage:
  Non-class:     67.45 MB used.
      Class:     11.73 MB used.
       Both:     79.18 MB used.

Virtual space:
  Non-class space:      128.00 MB reserved,      67.81 MB ( 53%) committed,  2 nodes.
      Class space:        1.00 GB reserved,      12.12 MB (  1%) committed,  1 nodes.
             Both:        1.12 GB reserved,      79.94 MB (  7%) committed. 

Chunk freelists:
   Non-Class:  12.03 MB
       Class:  3.92 MB
        Both:  15.95 MB

MaxMetaspaceSize: unlimited
CompressedClassSpaceSize: 1.00 GB
Initial GC threshold: 21.00 MB
Current GC threshold: 130.88 MB
CDS: on
MetaspaceReclaimPolicy: balanced
 - commit_granule_bytes: 65536.
 - commit_granule_words: 8192.
 - virtual_space_node_default_size: 8388608.
 - enlarge_chunks_in_place: 1.
 - new_chunks_are_fully_committed: 0.
 - uncommit_free_chunks: 1.
 - use_allocation_guard: 0.
 - handle_deallocations: 1.


Internal statistics:

num_allocs_failed_limit: 9.
num_arena_births: 1142.
num_arena_deaths: 0.
num_vsnodes_births: 3.
num_vsnodes_deaths: 0.
num_space_committed: 1279.
num_space_uncommitted: 0.
num_chunks_returned_to_freelist: 9.
num_chunks_taken_from_freelist: 4354.
num_chunk_merges: 9.
num_chunk_splits: 3124.
num_chunks_enlarged: 2402.
num_inconsistent_stats: 0.

CodeCache: size=49152Kb used=18097Kb max_used=18097Kb free=31054Kb
 bounds [0x00000174c14a0000, 0x00000174c2650000, 0x00000174c44a0000]
 total_blobs=9751 nmethods=9058 adapters=613
 compilation: enabled
              stopped_count=0, restarted_count=0
 full_count=0

Compilation events (20 events):
Event: 6.653 Thread 0x00000175174e0bc0 9051       1       java.util.stream.ReduceOps$CountingSink$OfRef::get (5 bytes)
Event: 6.653 Thread 0x00000174d0ef8fe0 nmethod 9049 0x00000174c2648b10 code [0x00000174c2648ca0, 0x00000174c2648db8]
Event: 6.653 Thread 0x00000174d1503ef0 9052       1       org.springframework.data.repository.core.support.AbstractRepositoryMetadata::getReturnType (70 bytes)
Event: 6.653 Thread 0x00000174d0ef8fe0 9053       1       org.hibernate.query.internal.QueryEngineImpl::getNamedObjectRepository (5 bytes)
Event: 6.653 Thread 0x00000174d15034d0 nmethod 9050 0x00000174c2649a10 code [0x00000174c2649ba0, 0x00000174c2649c58]
Event: 6.653 Thread 0x00000174d135fbc0 nmethod 9041 0x00000174c2648e90 code [0x00000174c26490a0, 0x00000174c26496d8]
Event: 6.653 Thread 0x00000175174e0bc0 nmethod 9051 0x00000174c264a310 code [0x00000174c264a4a0, 0x00000174c264a588]
Event: 6.653 Thread 0x00000174d15039e0 nmethod 9047 0x00000174c2649d10 code [0x00000174c2649ee0, 0x00000174c264a198]
Event: 6.653 Thread 0x00000174d0ef8fe0 nmethod 9053 0x00000174c264a610 code [0x00000174c264a7a0, 0x00000174c264a878]
Event: 6.653 Thread 0x00000174d1503ef0 nmethod 9052 0x00000174c264a910 code [0x00000174c264aaa0, 0x00000174c264aba8]
Event: 6.654 Thread 0x00000174d1503ef0 9054       1       java.util.regex.Pattern$Bound::isWord (38 bytes)
Event: 6.654 Thread 0x00000174d0ef8fe0 9055       1       java.util.regex.Pattern$Bound::match (34 bytes)
Event: 6.654 Thread 0x00000174d15039e0 9056       1       java.util.regex.Pattern$Bound::check (174 bytes)
Event: 6.654 Thread 0x00000175174e0bc0 9057       1       java.util.regex.Pattern$Behind::match (137 bytes)
Event: 6.654 Thread 0x00000174d0ef8fe0 nmethod 9055 0x00000174c264ac90 code [0x00000174c264ae40, 0x00000174c264afb8]
Event: 6.654 Thread 0x00000174d1503ef0 nmethod 9054 0x00000174c264b090 code [0x00000174c264b280, 0x00000174c264b508]
Event: 6.655 Thread 0x00000174d15039e0 nmethod 9056 0x00000174c264b710 code [0x00000174c264b940, 0x00000174c264bd48]
Event: 6.655 Thread 0x00000175174e0bc0 nmethod 9057 0x00000174c264bf90 code [0x00000174c264c140, 0x00000174c264c378]
Event: 6.655 Thread 0x00000174d1503ef0 9058       1       org.springframework.data.util.Pair::getSecond (5 bytes)
Event: 6.655 Thread 0x00000174d1503ef0 nmethod 9058 0x00000174c264c490 code [0x00000174c264c620, 0x00000174c264c6f8]

GC Heap History (20 events):
Event: 5.380 GC heap after
{Heap after GC invocations=20 (full 0):
 garbage-first heap   total 98304K, used 50477K [0x0000000702400000, 0x0000000800000000)
  region size 2048K, 3 young (6144K), 3 survivors (6144K)
 Metaspace       used 77808K, committed 78528K, reserved 1179648K
  class space    used 11526K, committed 11904K, reserved 1048576K
}
Event: 5.417 GC heap before
{Heap before GC invocations=21 (full 0):
 garbage-first heap   total 112640K, used 77101K [0x0000000702400000, 0x0000000800000000)
  region size 2048K, 16 young (32768K), 3 survivors (6144K)
 Metaspace       used 77811K, committed 78528K, reserved 1179648K
  class space    used 11526K, committed 11904K, reserved 1048576K
}
Event: 5.420 GC heap after
{Heap after GC invocations=22 (full 0):
 garbage-first heap   total 135168K, used 55011K [0x0000000702400000, 0x0000000800000000)
  region size 2048K, 2 young (4096K), 2 survivors (4096K)
 Metaspace       used 77811K, committed 78528K, reserved 1179648K
  class space    used 11526K, committed 11904K, reserved 1048576K
}
Event: 5.584 GC heap before
{Heap before GC invocations=22 (full 0):
 garbage-first heap   total 135168K, used 106211K [0x0000000702400000, 0x0000000800000000)
  region size 2048K, 27 young (55296K), 2 survivors (4096K)
 Metaspace       used 79692K, committed 80384K, reserved 1179648K
  class space    used 11875K, committed 12224K, reserved 1048576K
}
Event: 5.589 GC heap after
{Heap after GC invocations=23 (full 0):
 garbage-first heap   total 135168K, used 65833K [0x0000000702400000, 0x0000000800000000)
  region size 2048K, 4 young (8192K), 4 survivors (8192K)
 Metaspace       used 79692K, committed 80384K, reserved 1179648K
  class space    used 11875K, committed 12224K, reserved 1048576K
}
Event: 5.651 GC heap before
{Heap before GC invocations=23 (full 0):
 garbage-first heap   total 135168K, used 102697K [0x0000000702400000, 0x0000000800000000)
  region size 2048K, 22 young (45056K), 4 survivors (8192K)
 Metaspace       used 79692K, committed 80384K, reserved 1179648K
  class space    used 11875K, committed 12224K, reserved 1048576K
}
Event: 5.658 GC heap after
{Heap after GC invocations=24 (full 0):
 garbage-first heap   total 135168K, used 78224K [0x0000000702400000, 0x0000000800000000)
  region size 2048K, 3 young (6144K), 3 survivors (6144K)
 Metaspace       used 79692K, committed 80384K, reserved 1179648K
  class space    used 11875K, committed 12224K, reserved 1048576K
}
Event: 5.689 GC heap before
{Heap before GC invocations=24 (full 0):
 garbage-first heap   total 135168K, used 100752K [0x0000000702400000, 0x0000000800000000)
  region size 2048K, 14 young (28672K), 3 survivors (6144K)
 Metaspace       used 79692K, committed 80384K, reserved 1179648K
  class space    used 11875K, committed 12224K, reserved 1048576K
}
Event: 5.694 GC heap after
{Heap after GC invocations=25 (full 0):
 garbage-first heap   total 135168K, used 87821K [0x0000000702400000, 0x0000000800000000)
  region size 2048K, 2 young (4096K), 2 survivors (4096K)
 Metaspace       used 79692K, committed 80384K, reserved 1179648K
  class space    used 11875K, committed 12224K, reserved 1048576K
}
Event: 5.722 GC heap before
{Heap before GC invocations=25 (full 0):
 garbage-first heap   total 174080K, used 104205K [0x0000000702400000, 0x0000000800000000)
  region size 2048K, 10 young (20480K), 2 survivors (4096K)
 Metaspace       used 79692K, committed 80384K, reserved 1179648K
  class space    used 11875K, committed 12224K, reserved 1048576K
}
Event: 5.726 GC heap after
{Heap after GC invocations=26 (full 0):
 garbage-first heap   total 348160K, used 93780K [0x0000000702400000, 0x0000000800000000)
  region size 2048K, 2 young (4096K), 2 survivors (4096K)
 Metaspace       used 79692K, committed 80384K, reserved 1179648K
  class space    used 11875K, committed 12224K, reserved 1048576K
}
Event: 5.934 GC heap before
{Heap before GC invocations=27 (full 0):
 garbage-first heap   total 348160K, used 214612K [0x0000000702400000, 0x0000000800000000)
  region size 2048K, 61 young (124928K), 2 survivors (4096K)
 Metaspace       used 79694K, committed 80384K, reserved 1179648K
  class space    used 11877K, committed 12224K, reserved 1048576K
}
Event: 5.943 GC heap after
{Heap after GC invocations=28 (full 0):
 garbage-first heap   total 348160K, used 115114K [0x0000000702400000, 0x0000000800000000)
  region size 2048K, 8 young (16384K), 8 survivors (16384K)
 Metaspace       used 79694K, committed 80384K, reserved 1179648K
  class space    used 11877K, committed 12224K, reserved 1048576K
}
Event: 5.946 GC heap before
{Heap before GC invocations=28 (full 0):
 garbage-first heap   total 348160K, used 117162K [0x0000000702400000, 0x0000000800000000)
  region size 2048K, 9 young (18432K), 8 survivors (16384K)
 Metaspace       used 79694K, committed 80384K, reserved 1179648K
  class space    used 11877K, committed 12224K, reserved 1048576K
}
Event: 5.952 GC heap after
{Heap after GC invocations=29 (full 0):
 garbage-first heap   total 348160K, used 116431K [0x0000000702400000, 0x0000000800000000)
  region size 2048K, 2 young (4096K), 2 survivors (4096K)
 Metaspace       used 79694K, committed 80384K, reserved 1179648K
  class space    used 11877K, committed 12224K, reserved 1048576K
}
Event: 6.202 GC heap before
{Heap before GC invocations=29 (full 0):
 garbage-first heap   total 348160K, used 265935K [0x0000000702400000, 0x0000000800000000)
  region size 2048K, 72 young (147456K), 2 survivors (4096K)
 Metaspace       used 79694K, committed 80384K, reserved 1179648K
  class space    used 11877K, committed 12224K, reserved 1048576K
}
Event: 6.225 GC heap after
{Heap after GC invocations=30 (full 0):
 garbage-first heap   total 348160K, used 170824K [0x0000000702400000, 0x0000000800000000)
  region size 2048K, 9 young (18432K), 9 survivors (18432K)
 Metaspace       used 79694K, committed 80384K, reserved 1179648K
  class space    used 11877K, committed 12224K, reserved 1048576K
}
Event: 6.406 GC heap before
{Heap before GC invocations=30 (full 0):
 garbage-first heap   total 348160K, used 250696K [0x0000000702400000, 0x0000000800000000)
  region size 2048K, 48 young (98304K), 9 survivors (18432K)
 Metaspace       used 80050K, committed 80768K, reserved 1179648K
  class space    used 11932K, committed 12288K, reserved 1048576K
}
Event: 6.417 GC heap after
{Heap after GC invocations=31 (full 0):
 garbage-first heap   total 348160K, used 177635K [0x0000000702400000, 0x0000000800000000)
  region size 2048K, 3 young (6144K), 3 survivors (6144K)
 Metaspace       used 80050K, committed 80768K, reserved 1179648K
  class space    used 11932K, committed 12288K, reserved 1048576K
}
Event: 6.667 GC heap before
{Heap before GC invocations=31 (full 0):
 garbage-first heap   total 348160K, used 259555K [0x0000000702400000, 0x0000000800000000)
  region size 2048K, 43 young (88064K), 3 survivors (6144K)
 Metaspace       used 81078K, committed 81856K, reserved 1179648K
  class space    used 12011K, committed 12416K, reserved 1048576K
}

Deoptimization events (8 events):
Event: 2.447 Thread 0x00000174b9bccb80 DEOPT PACKING pc=0x00000174c1ab1e09 sp=0x0000004ab7ffea20
Event: 2.447 Thread 0x00000174b9bccb80 DEOPT UNPACKING pc=0x00000174c14f2b43 sp=0x0000004ab7ffdeb0 mode 3
Event: 2.447 Thread 0x000001751829f010 DEOPT PACKING pc=0x00000174c1a99a9f sp=0x0000004aba4ff0a0
Event: 2.447 Thread 0x000001751829f010 DEOPT UNPACKING pc=0x00000174c14f2b43 sp=0x0000004aba4fe4f8 mode 3
Event: 3.470 Thread 0x00000174b9bccb80 DEOPT PACKING pc=0x00000174c207095c sp=0x0000004ab7ffcc60
Event: 3.470 Thread 0x00000174b9bccb80 DEOPT UNPACKING pc=0x00000174c14f2b43 sp=0x0000004ab7ffc190 mode 0
Event: 4.010 Thread 0x00000174b9bccb80 DEOPT PACKING pc=0x00000174c225f374 sp=0x0000004ab7ffcc80
Event: 4.010 Thread 0x00000174b9bccb80 DEOPT UNPACKING pc=0x00000174c14f2b43 sp=0x0000004ab7ffc118 mode 0

Classes unloaded (0 events):
No events

Classes redefined (0 events):
No events

Internal exceptions (20 events):
Event: 5.091 Thread 0x00000174b9bccb80 Exception <a 'java/lang/reflect/InvocationTargetException'{0x00000007121eba60}> (0x00000007121eba60) 
thrown [s\open\src\hotspot\share\runtime\reflection.cpp, line 1121]
Event: 5.518 Thread 0x00000174b9bccb80 Exception <a 'java/lang/reflect/InvocationTargetException'{0x0000000708c6b228}> (0x0000000708c6b228) 
thrown [s\open\src\hotspot\share\runtime\reflection.cpp, line 1121]
Event: 5.523 Thread 0x00000174b9bccb80 Exception <a 'java/lang/NoSuchMethodError'{0x0000000708ccc598}: 'int java.lang.invoke.DirectMethodHandle$Holder.invokeStatic(java.lang.Object, java.lang.Object, int)'> (0x0000000708ccc598) 
thrown [s\open\src\hotspot\share\interpreter\linkResolver.cpp, line 759]
Event: 5.527 Thread 0x00000174b9bccb80 Exception <a 'java/lang/IncompatibleClassChangeError'{0x0000000708d17c38}: Found class java.lang.Object, but interface was expected> (0x0000000708d17c38) 
thrown [s\open\src\hotspot\share\interpreter\linkResolver.cpp, line 826]
Event: 5.530 Thread 0x00000174b9bccb80 Exception <a 'java/lang/reflect/InvocationTargetException'{0x0000000708d43508}> (0x0000000708d43508) 
thrown [s\open\src\hotspot\share\runtime\reflection.cpp, line 1121]
Event: 5.536 Thread 0x00000174b9bccb80 Exception <a 'java/lang/NoSuchMethodError'{0x0000000708db4960}: 'java.lang.Object java.lang.invoke.DirectMethodHandle$Holder.invokeStatic(java.lang.Object, int, java.lang.Object)'> (0x0000000708db4960) 
thrown [s\open\src\hotspot\share\interpreter\linkResolver.cpp, line 759]
Event: 5.538 Thread 0x00000174b9bccb80 Exception <a 'java/lang/reflect/InvocationTargetException'{0x0000000708de3d48}> (0x0000000708de3d48) 
thrown [s\open\src\hotspot\share\runtime\reflection.cpp, line 1121]
Event: 5.541 Thread 0x00000174b9bccb80 Exception <a 'java/lang/reflect/InvocationTargetException'{0x0000000708df8e68}> (0x0000000708df8e68) 
thrown [s\open\src\hotspot\share\runtime\reflection.cpp, line 1121]
Event: 5.542 Thread 0x00000174b9bccb80 Exception <a 'java/lang/reflect/InvocationTargetException'{0x0000000708a08b90}> (0x0000000708a08b90) 
thrown [s\open\src\hotspot\share\runtime\reflection.cpp, line 1121]
Event: 5.542 Thread 0x00000174b9bccb80 Exception <a 'java/lang/reflect/InvocationTargetException'{0x0000000708a13798}> (0x0000000708a13798) 
thrown [s\open\src\hotspot\share\runtime\reflection.cpp, line 1121]
Event: 5.544 Thread 0x00000174b9bccb80 Exception <a 'java/lang/reflect/InvocationTargetException'{0x0000000708a5f620}> (0x0000000708a5f620) 
thrown [s\open\src\hotspot\share\runtime\reflection.cpp, line 1121]
Event: 6.318 Thread 0x00000174b9bccb80 Exception <a 'java/lang/reflect/InvocationTargetException'{0x0000000713d13c90}> (0x0000000713d13c90) 
thrown [s\open\src\hotspot\share\runtime\reflection.cpp, line 1121]
Event: 6.326 Thread 0x00000174b9bccb80 Exception <a 'java/lang/reflect/InvocationTargetException'{0x0000000713a9fed0}> (0x0000000713a9fed0) 
thrown [s\open\src\hotspot\share\runtime\reflection.cpp, line 1121]
Event: 6.327 Thread 0x00000174b9bccb80 Exception <a 'java/lang/reflect/InvocationTargetException'{0x0000000713aaef10}> (0x0000000713aaef10) 
thrown [s\open\src\hotspot\share\runtime\reflection.cpp, line 1121]
Event: 6.328 Thread 0x00000174b9bccb80 Exception <a 'java/lang/reflect/InvocationTargetException'{0x0000000713aba600}> (0x0000000713aba600) 
thrown [s\open\src\hotspot\share\runtime\reflection.cpp, line 1121]
Event: 6.328 Thread 0x00000174b9bccb80 Exception <a 'java/lang/reflect/InvocationTargetException'{0x0000000713ac4ee8}> (0x0000000713ac4ee8) 
thrown [s\open\src\hotspot\share\runtime\reflection.cpp, line 1121]
Event: 6.342 Thread 0x00000174b9bccb80 Exception <a 'java/lang/NoSuchMethodError'{0x0000000713833ea0}: 'int java.lang.invoke.DirectMethodHandle$Holder.invokeStaticInit(java.lang.Object, int, java.lang.Object, java.lang.Object, java.lang.Object, java.lang.Object)'> (0x0000000713833ea0) 
thrown [s\open\src\hotspot\share\interpreter\linkResolver.cpp, line 759]
Event: 6.375 Thread 0x00000174b9bccb80 Exception <a 'java/lang/reflect/InvocationTargetException'{0x00000007136ce8a0}> (0x00000007136ce8a0) 
thrown [s\open\src\hotspot\share\runtime\reflection.cpp, line 1121]
Event: 6.379 Thread 0x00000174b9bccb80 Exception <a 'java/lang/reflect/InvocationTargetException'{0x00000007136f0da8}> (0x00000007136f0da8) 
thrown [s\open\src\hotspot\share\runtime\reflection.cpp, line 1121]
Event: 6.388 Thread 0x00000174b9bccb80 Exception <a 'java/lang/reflect/InvocationTargetException'{0x000000071307cf70}> (0x000000071307cf70) 
thrown [s\open\src\hotspot\share\runtime\reflection.cpp, line 1121]

VM Operations (20 events):
Event: 5.658 Executing VM operation: G1CollectForAllocation done
Event: 5.689 Executing VM operation: G1CollectForAllocation
Event: 5.694 Executing VM operation: G1CollectForAllocation done
Event: 5.717 Executing VM operation: G1Concurrent
Event: 5.719 Executing VM operation: G1Concurrent done
Event: 5.722 Executing VM operation: G1CollectForAllocation
Event: 5.726 Executing VM operation: G1CollectForAllocation done
Event: 5.737 Executing VM operation: G1Concurrent
Event: 5.737 Executing VM operation: G1Concurrent done
Event: 5.933 Executing VM operation: G1CollectForAllocation
Event: 5.943 Executing VM operation: G1CollectForAllocation done
Event: 5.946 Executing VM operation: G1CollectForAllocation
Event: 5.952 Executing VM operation: G1CollectForAllocation done
Event: 6.201 Executing VM operation: G1CollectForAllocation
Event: 6.225 Executing VM operation: G1CollectForAllocation done
Event: 6.339 Executing VM operation: HandshakeAllThreads
Event: 6.339 Executing VM operation: HandshakeAllThreads done
Event: 6.406 Executing VM operation: G1CollectForAllocation
Event: 6.417 Executing VM operation: G1CollectForAllocation done
Event: 6.666 Executing VM operation: G1CollectForAllocation

Events (20 events):
Event: 5.102 loading class java/util/regex/Pattern$NotBehind
Event: 5.102 loading class java/util/regex/Pattern$NotBehind done
Event: 5.102 loading class java/util/regex/Pattern$Behind
Event: 5.102 loading class java/util/regex/Pattern$Behind done
Event: 5.116 loading class java/util/EmptyStackException
Event: 5.116 loading class java/util/EmptyStackException done
Event: 5.196 loading class java/io/InvalidClassException
Event: 5.196 loading class java/io/InvalidClassException done
Event: 5.201 loading class java/util/ArrayList$ListItr
Event: 5.201 loading class java/util/ArrayList$ListItr done
Event: 6.319 loading class java/lang/invoke/MethodHandleImpl$CountingWrapper$1
Event: 6.319 loading class java/lang/invoke/MethodHandleImpl$CountingWrapper$1 done
Event: 6.355 loading class sun/reflect/ReflectionFactory
Event: 6.355 loading class sun/reflect/ReflectionFactory done
Event: 6.355 loading class sun/reflect/ReflectionFactory$1
Event: 6.355 loading class sun/reflect/ReflectionFactory$1 done
Event: 6.355 loading class java/io/OptionalDataException
Event: 6.355 loading class java/io/OptionalDataException done
Event: 6.355 loading class jdk/internal/reflect/SerializationConstructorAccessorImpl
Event: 6.355 loading class jdk/internal/reflect/SerializationConstructorAccessorImpl done


Dynamic libraries:
0x00007ff759ed0000 - 0x00007ff759ee0000 	D:\jdk-17.0.16_windows-x64_bin\jdk-17.0.16\bin\java.exe
0x00007ff90fd70000 - 0x00007ff90ff87000 	C:\Windows\SYSTEM32\ntdll.dll
0x00007ff90e200000 - 0x00007ff90e2c4000 	C:\Windows\System32\KERNEL32.DLL
0x00007ff90d450000 - 0x00007ff90d807000 	C:\Windows\System32\KERNELBASE.dll
0x00007ff90d120000 - 0x00007ff90d231000 	C:\Windows\System32\ucrtbase.dll
0x00007ff8fb6d0000 - 0x00007ff8fb6eb000 	D:\jdk-17.0.16_windows-x64_bin\jdk-17.0.16\bin\VCRUNTIME140.dll
0x00007ff8f0720000 - 0x00007ff8f0739000 	D:\jdk-17.0.16_windows-x64_bin\jdk-17.0.16\bin\jli.dll
0x00007ff90e140000 - 0x00007ff90e1f2000 	C:\Windows\System32\ADVAPI32.dll
0x00007ff90e2d0000 - 0x00007ff90e377000 	C:\Windows\System32\msvcrt.dll
0x00007ff90fad0000 - 0x00007ff90fb78000 	C:\Windows\System32\sechost.dll
0x00007ff90d360000 - 0x00007ff90d388000 	C:\Windows\System32\bcrypt.dll
0x00007ff90e400000 - 0x00007ff90e514000 	C:\Windows\System32\RPCRT4.dll
0x00007ff90df90000 - 0x00007ff90e13f000 	C:\Windows\System32\USER32.dll
0x00007ff8fdd40000 - 0x00007ff8fdfd3000 	C:\Windows\WinSxS\amd64_microsoft.windows.common-controls_6595b64144ccf1df_6.0.22621.3672_none_2713b9d173822955\COMCTL32.dll
0x00007ff90d240000 - 0x00007ff90d266000 	C:\Windows\System32\win32u.dll
0x00007ff90e730000 - 0x00007ff90e759000 	C:\Windows\System32\GDI32.dll
0x00007ff90d980000 - 0x00007ff90da98000 	C:\Windows\System32\gdi32full.dll
0x00007ff90d080000 - 0x00007ff90d11a000 	C:\Windows\System32\msvcp_win.dll
0x00007ff9039a0000 - 0x00007ff9039aa000 	C:\Windows\SYSTEM32\VERSION.dll
0x00007ff90fc10000 - 0x00007ff90fc41000 	C:\Windows\System32\IMM32.DLL
0x00007ff9068e0000 - 0x00007ff9068ec000 	D:\jdk-17.0.16_windows-x64_bin\jdk-17.0.16\bin\vcruntime140_1.dll
0x00007ff8e9c60000 - 0x00007ff8e9cee000 	D:\jdk-17.0.16_windows-x64_bin\jdk-17.0.16\bin\msvcp140.dll
0x00007ff869e70000 - 0x00007ff86aa51000 	D:\jdk-17.0.16_windows-x64_bin\jdk-17.0.16\bin\server\jvm.dll
0x00007ff90f9e0000 - 0x00007ff90f9e8000 	C:\Windows\System32\PSAPI.DLL
0x00007ff906640000 - 0x00007ff906674000 	C:\Windows\SYSTEM32\WINMM.dll
0x00007ff8e9cf0000 - 0x00007ff8e9cf9000 	C:\Windows\SYSTEM32\WSOCK32.dll
0x00007ff90ea90000 - 0x00007ff90eb01000 	C:\Windows\System32\WS2_32.dll
0x00007ff90c0f0000 - 0x00007ff90c108000 	C:\Windows\SYSTEM32\kernel.appcore.dll
0x00007ff8fd8c0000 - 0x00007ff8fd8ca000 	D:\jdk-17.0.16_windows-x64_bin\jdk-17.0.16\bin\jimage.dll
0x00007ff8f9c10000 - 0x00007ff8f9e42000 	C:\Windows\SYSTEM32\DBGHELP.DLL
0x00007ff90dc00000 - 0x00007ff90df8e000 	C:\Windows\System32\combase.dll
0x00007ff90fc50000 - 0x00007ff90fd27000 	C:\Windows\System32\OLEAUT32.dll
0x00007ff8edd40000 - 0x00007ff8edd72000 	C:\Windows\SYSTEM32\dbgcore.DLL
0x00007ff90d2e0000 - 0x00007ff90d35b000 	C:\Windows\System32\bcryptPrimitives.dll
0x00007ff8e9d10000 - 0x00007ff8e9d35000 	D:\jdk-17.0.16_windows-x64_bin\jdk-17.0.16\bin\java.dll
0x00007ff8e9b80000 - 0x00007ff8e9c57000 	D:\jdk-17.0.16_windows-x64_bin\jdk-17.0.16\bin\jsvml.dll
0x00007ff90eb20000 - 0x00007ff90f389000 	C:\Windows\System32\SHELL32.dll
0x00007ff90afa0000 - 0x00007ff90b89f000 	C:\Windows\SYSTEM32\windows.storage.dll
0x00007ff90ae60000 - 0x00007ff90af9f000 	C:\Windows\SYSTEM32\wintypes.dll
0x00007ff90e5e0000 - 0x00007ff90e6d9000 	C:\Windows\System32\SHCORE.dll
0x00007ff90f9f0000 - 0x00007ff90fa4e000 	C:\Windows\System32\shlwapi.dll
0x00007ff90cfb0000 - 0x00007ff90cfd7000 	C:\Windows\SYSTEM32\profapi.dll
0x00007ff8e9b60000 - 0x00007ff8e9b79000 	D:\jdk-17.0.16_windows-x64_bin\jdk-17.0.16\bin\net.dll
0x00007ff909b50000 - 0x00007ff909c86000 	C:\Windows\SYSTEM32\WINHTTP.dll
0x00007ff90c5e0000 - 0x00007ff90c649000 	C:\Windows\system32\mswsock.dll
0x00007ff8e9ad0000 - 0x00007ff8e9ae6000 	D:\jdk-17.0.16_windows-x64_bin\jdk-17.0.16\bin\nio.dll
0x00007ff8e9ab0000 - 0x00007ff8e9ac8000 	D:\jdk-17.0.16_windows-x64_bin\jdk-17.0.16\bin\zip.dll
0x00007ff8fb6c0000 - 0x00007ff8fb6ce000 	D:\jdk-17.0.16_windows-x64_bin\jdk-17.0.16\bin\sunmscapi.dll
0x00007ff90d810000 - 0x00007ff90d976000 	C:\Windows\System32\CRYPT32.dll
0x00007ff90ca20000 - 0x00007ff90ca4d000 	C:\Windows\SYSTEM32\ncrypt.dll
0x00007ff90c9e0000 - 0x00007ff90ca17000 	C:\Windows\SYSTEM32\NTASN1.dll
0x00007ff90c930000 - 0x00007ff90c94b000 	C:\Windows\SYSTEM32\CRYPTSP.dll
0x00007ff90c050000 - 0x00007ff90c085000 	C:\Windows\system32\rsaenh.dll
0x00007ff90c680000 - 0x00007ff90c6a8000 	C:\Windows\SYSTEM32\USERENV.dll
0x00007ff90c910000 - 0x00007ff90c91c000 	C:\Windows\SYSTEM32\CRYPTBASE.dll
0x00007ff90bb40000 - 0x00007ff90bb6d000 	C:\Windows\SYSTEM32\IPHLPAPI.DLL
0x00007ff90eb10000 - 0x00007ff90eb19000 	C:\Windows\System32\NSI.dll
0x00007ff909810000 - 0x00007ff909829000 	C:\Windows\SYSTEM32\dhcpcsvc6.DLL
0x00007ff9097f0000 - 0x00007ff90980f000 	C:\Windows\SYSTEM32\dhcpcsvc.DLL
0x00007ff90bb70000 - 0x00007ff90bc72000 	C:\Windows\SYSTEM32\DNSAPI.dll
0x00007ff8f0da0000 - 0x00007ff8f0daa000 	D:\jdk-17.0.16_windows-x64_bin\jdk-17.0.16\bin\management.dll
0x00007ff8f01a0000 - 0x00007ff8f01ab000 	D:\jdk-17.0.16_windows-x64_bin\jdk-17.0.16\bin\management_ext.dll
0x00007ff8fff50000 - 0x00007ff8fff5a000 	C:\Windows\System32\rasadhlp.dll
0x00007ff908dd0000 - 0x00007ff908e53000 	C:\Windows\System32\fwpuclnt.dll
0x00007ff8fd880000 - 0x00007ff8fd890000 	D:\jdk-17.0.16_windows-x64_bin\jdk-17.0.16\bin\verify.dll

dbghelp: loaded successfully - version: 4.0.5 - missing functions: none
symbol engine: initialized successfully - sym options: 0x614 - pdb path: .;D:\jdk-17.0.16_windows-x64_bin\jdk-17.0.16\bin;C:\Windows\SYSTEM32;C:\Windows\WinSxS\amd64_microsoft.windows.common-controls_6595b64144ccf1df_6.0.22621.3672_none_2713b9d173822955;D:\jdk-17.0.16_windows-x64_bin\jdk-17.0.16\bin\server

VM Arguments:
jvm_args: -XX:TieredStopAtLevel=1 
java_command: com.QhomeBase.assetmaintenanceservice.AssetMaintenanceServiceApplication
java_class_path (initial): D:\Capstone\QhomeBase\QhomeBase\asset-maintenance-service\target\classes;C:\Users\Legion\.m2\repository\org\springframework\boot\spring-boot\3.5.6\spring-boot-3.5.6.jar;C:\Users\Legion\.m2\repository\org\springframework\boot\spring-boot-autoconfigure\3.5.6\spring-boot-autoconfigure-3.5.6.jar;C:\Users\Legion\.m2\repository\org\apache\logging\log4j\log4j-to-slf4j\2.24.3\log4j-to-slf4j-2.24.3.jar;C:\Users\Legion\.m2\repository\org\apache\logging\log4j\log4j-api\2.24.3\log4j-api-2.24.3.jar;C:\Users\Legion\.m2\repository\org\slf4j\jul-to-slf4j\2.0.17\jul-to-slf4j-2.0.17.jar;C:\Users\Legion\.m2\repository\jakarta\annotation\jakarta.annotation-api\2.1.1\jakarta.annotation-api-2.1.1.jar;C:\Users\Legion\.m2\repository\org\yaml\snakeyaml\2.4\snakeyaml-2.4.jar;C:\Users\Legion\.m2\repository\com\fasterxml\jackson\datatype\jackson-datatype-jdk8\2.19.2\jackson-datatype-jdk8-2.19.2.jar;C:\Users\Legion\.m2\repository\com\fasterxml\jackson\datatype\jackson-datatype-jsr310\2.19.2\jackson-datatype-jsr310-2.19.2.jar;C:\Users\Legion\.m2\repository\com\fasterxml\jackson\module\jackson-module-parameter-names\2.19.2\jackson-module-parameter-names-2.19.2.jar;C:\Users\Legion\.m2\repository\org\apache\tomcat\embed\tomcat-embed-core\10.1.46\tomcat-embed-core-10.1.46.jar;C:\Users\Legion\.m2\repository\org\apache\tomcat\embed\tomcat-embed-websocket\10.1.46\tomcat-embed-websocket-10.1.46.jar;C:\Users\Legion\.m2\repository\org\springframework\spring-web\6.2.11\spring-web-6.2.11.jar;C:\Users\Legion\.m2\repository\org\springframework\spring-beans\6.2.11\spring-beans-6.2.11.jar;C:\Users\Legion\.m2\repository\org\springframework\spring-webmvc\6.2.11\spring-webmvc-6.2.11.jar;C:\Users\Legion\.m2\repository\org\springframework\spring-expression\6.2.11\spring-expression-6.2.11.jar;C:\Users\Legion\.m2\repository\io\projectreactor\netty\reactor-netty-http\1.2.10\reactor-netty-http-1.2.10.jar;C:\Users\Legion\.m2\repository\io\netty\netty-codec-http\4.1.127.Final\netty-codec-http-
Launcher Type: SUN_STANDARD

[Global flags]
     intx CICompilerCount                          = 12                                        {product} {ergonomic}
     uint ConcGCThreads                            = 3                                         {product} {ergonomic}
     uint G1ConcRefinementThreads                  = 13                                        {product} {ergonomic}
   size_t G1HeapRegionSize                         = 2097152                                   {product} {ergonomic}
    uintx GCDrainStackTargetSize                   = 64                                        {product} {ergonomic}
   size_t InitialHeapSize                          = 266338304                                 {product} {ergonomic}
   size_t MarkStackSize                            = 4194304                                   {product} {ergonomic}
   size_t MaxHeapSize                              = 4257218560                                {product} {ergonomic}
   size_t MaxNewSize                               = 2554331136                                {product} {ergonomic}
   size_t MinHeapDeltaBytes                        = 2097152                                   {product} {ergonomic}
   size_t MinHeapSize                              = 8388608                                   {product} {ergonomic}
    uintx NonProfiledCodeHeapSize                  = 0                                      {pd product} {ergonomic}
     bool ProfileInterpreter                       = false                                  {pd product} {command line}
    uintx ProfiledCodeHeapSize                     = 0                                      {pd product} {ergonomic}
   size_t SoftMaxHeapSize                          = 4257218560                             {manageable} {ergonomic}
     intx TieredStopAtLevel                        = 1                                         {product} {command line}
     bool UseCompressedClassPointers               = true                           {product lp64_product} {ergonomic}
     bool UseCompressedOops                        = true                           {product lp64_product} {ergonomic}
     bool UseG1GC                                  = true                                      {product} {ergonomic}
     bool UseLargePagesIndividualAllocation        = false                                  {pd product} {ergonomic}

Logging:
Log output configuration:
 #0: stdout all=warning uptime,level,tags
 #1: stderr all=off uptime,level,tags

Environment Variables:
JAVA_HOME=D:\jdk-17.0.16_windows-x64_bin\jdk-17.0.16
PATH=D:\jdk-17.0.16_windows-x64_bin\jdk-17.0.16\bin;C:\Python313\Scripts\;C:\Python313\;C:\Program Files\Microsoft SDKs\Azure\CLI2\wbin;C:\Program Files\Common Files\Oracle\Java\javapath;C:\Windows\system32;C:\Windows;C:\Windows\System32\Wbem;C:\Windows\System32\WindowsPowerShell\v1.0\;C:\Windows\System32\OpenSSH\;C:\Program Files (x86)\Microsoft SQL Server\160\Tools\Binn\;C:\Program Files\Microsoft SQL Server\160\Tools\Binn\;C:\Program Files\Microsoft SQL Server\Client SDK\ODBC\170\Tools\Binn\;C:\Program Files\Microsoft SQL Server\160\DTS\Binn\;C:\Program Files (x86)\Microsoft SQL Server\160\DTS\Binn\;C:\Program Files\Microsoft SQL Server\150\Tools\Binn\;C:\Program Files\dotnet\;C:\Program Files\NVIDIA Corporation\NVIDIA NvDLISR;C:\ProgramData\chocolatey\bin;C:\Program Files\nodejs\;C:\Program Files\Git\cmd;C:\Program Files\Docker\Docker\resources\bin;D:\apache-maven-3.9.11-bin\apache-maven-3.9.11\bin;C:\Program Files\PostgreSQL\17\bin;C:\Users\Legion\AppData\Local\Microsoft\WindowsApps;C:\Users\Legion\.dotnet\tools;C:\Users\Legion\AppData\Local\GitHubDesktop\bin;C:\Users\Legion\AppData\Local\Programs\Microsoft VS Code\bin;C:\Users\Legion\AppData\Local\Programs\cursor\resources\app\bin;C:\Users\Legion\AppData\Roaming\npm;C:\src\flutter\bin;
USERNAME=Legion
OS=Windows_NT
PROCESSOR_IDENTIFIER=AMD64 Family 25 Model 80 Stepping 0, AuthenticAMD



---------------  S Y S T E M  ---------------

OS:
 Windows 11 , 64 bit Build 22621 (10.0.22621.3958)
OS uptime: 0 days 9:26 hours
Hyper-V role detected

CPU: total 16 (initial active 16) (16 cores per cpu, 2 threads per core) family 25 model 80 stepping 0 microcode 0x0, cx8, cmov, fxsr, ht, mmx, 3dnowpref, sse, sse2, sse3, ssse3, sse4a, sse4.1, sse4.2, popcnt, lzcnt, tsc, tscinvbit, avx, avx2, aes, erms, clmul, bmi1, bmi2, adx, sha, fma, vzeroupper, clflush, clflushopt, hv

Memory: 4k page, system-wide physical 16236M (519M free)
TotalPageFile size 41927M (AvailPageFile size 193M)
current process WorkingSet (physical memory assigned to process): 510M, peak: 510M
current process commit charge ("private bytes"): 579M, peak: 1105M

vm_info: Java HotSpot(TM) 64-Bit Server VM (17.0.16+12-LTS-247) for windows-amd64 JRE (17.0.16+12-LTS-247), built on Jun 27 2025 10:11:42 by "mach5one" with MS VC++ 17.6 (VS2022)

END.
