#
# There is insufficient memory for the Java Runtime Environment to continue.
# Native memory allocation (malloc) failed to allocate 758048 bytes for Chunk::new
# Possible reasons:
#   The system is out of physical RAM or swap space
#   The process is running with CompressedOops enabled, and the Java Heap may be blocking the growth of the native heap
# Possible solutions:
#   Reduce memory load on the system
#   Increase physical memory or swap space
#   Check if swap backing store is full
#   Decrease Java heap size (-Xmx/-Xms)
#   Decrease number of Java threads
#   Decrease Java thread stack sizes (-Xss)
#   Set larger code cache with -XX:ReservedCodeCacheSize=
#   JVM is running with Zero Based Compressed Oops mode in which the Java heap is
#     placed in the first 32GB address space. The Java Heap base address is the
#     maximum limit for the native heap growth. Please use -XX:HeapBaseMinAddress
#     to set the Java Heap base and to place the Java Heap above 32GB virtual address.
# This output file may be truncated or incomplete.
#
#  Out of Memory Error (arena.cpp:189), pid=3876, tid=30860
#
# JRE version: Java(TM) SE Runtime Environment (17.0.16+12) (build 17.0.16+12-LTS-247)
# Java VM: Java HotSpot(TM) 64-Bit Server VM (17.0.16+12-LTS-247, mixed mode, sharing, tiered, compressed oops, compressed class ptrs, g1 gc, windows-amd64)
# No core dump will be written. Minidumps are not enabled by default on client versions of Windows
#

---------------  S U M M A R Y ------------

Command Line: --add-opens=java.base/java.lang=ALL-UNNAMED --add-opens=java.base/java.util=ALL-UNNAMED --add-opens=java.base/java.lang.reflect=ALL-UNNAMED --add-opens=java.base/java.text=ALL-UNNAMED --add-opens=java.desktop/java.awt.font=ALL-UNNAMED --enable-native-access=ALL-UNNAMED -Dclassworlds.conf=D:\apache-maven-3.9.11-bin\apache-maven-3.9.11\bin\m2.conf -Dmaven.home=D:\apache-maven-3.9.11-bin\apache-maven-3.9.11 -Dlibrary.jansi.path=D:\apache-maven-3.9.11-bin\apache-maven-3.9.11\lib\jansi-native -Dmaven.multiModuleProjectDirectory=D:\Capstone\QhomeBase\QhomeBase org.codehaus.plexus.classworlds.launcher.Launcher spring-boot:run

Host: AMD Ryzen 7 5800H with Radeon Graphics         , 16 cores, 15G,  Windows 11 , 64 bit Build 22621 (10.0.22621.3958)
Time: Wed Nov 12 05:00:30 2025 SE Asia Standard Time elapsed time: 3.689494 seconds (0d 0h 0m 3s)

---------------  T H R E A D  ---------------

Current thread (0x00000277cb114970):  JavaThread "C2 CompilerThread0" daemon [_thread_in_native, id=30860, stack(0x000000decba00000,0x000000decbb00000)]


Current CompileTask:
C2:   3689 5197   !   4       org.codehaus.plexus.interpolation.reflection.ReflectionValueExtractor::getPropertyValue (114 bytes)

Stack: [0x000000decba00000,0x000000decbb00000]
Native frames: (J=compiled Java code, j=interpreted, Vv=VM code, C=native code)
V  [jvm.dll+0x67a46a]
V  [jvm.dll+0x7da77d]
V  [jvm.dll+0x7dc0c3]
V  [jvm.dll+0x7dc733]
V  [jvm.dll+0x24523f]
V  [jvm.dll+0xab763]
V  [jvm.dll+0xabd2c]
V  [jvm.dll+0x361f0e]
V  [jvm.dll+0x32c5e1]
V  [jvm.dll+0x32ba7a]
V  [jvm.dll+0x2169ef]
V  [jvm.dll+0x215e1f]
V  [jvm.dll+0x1a2a00]
V  [jvm.dll+0x2262bb]
V  [jvm.dll+0x22445b]
V  [jvm.dll+0x790b9c]
V  [jvm.dll+0x78b18a]
V  [jvm.dll+0x679355]
C  [ucrtbase.dll+0x29333]
C  [KERNEL32.DLL+0x1257d]
C  [ntdll.dll+0x5af08]


---------------  P R O C E S S  ---------------

Threads class SMR info:
_java_thread_list=0x00000277cc564470, length=15, elements={
0x00000277e23d6e10, 0x00000277ffd13360, 0x00000277ffd140e0, 0x00000277cb10d1b0,
0x00000277cb110bf0, 0x00000277cb1114b0, 0x00000277cb111d70, 0x00000277cb114970,
0x00000277cb115320, 0x00000277cb119120, 0x00000277cb28a8c0, 0x00000277cb2c1270,
0x00000277cb2c3f80, 0x00000277cb43a6a0, 0x00000277cc569490
}

Java Threads: ( => current thread )
  0x00000277e23d6e10 JavaThread "main" [_thread_in_native, id=6272, stack(0x000000decad00000,0x000000decae00000)]
  0x00000277ffd13360 JavaThread "Reference Handler" daemon [_thread_blocked, id=28840, stack(0x000000decb400000,0x000000decb500000)]
  0x00000277ffd140e0 JavaThread "Finalizer" daemon [_thread_blocked, id=15072, stack(0x000000decb500000,0x000000decb600000)]
  0x00000277cb10d1b0 JavaThread "Signal Dispatcher" daemon [_thread_blocked, id=29272, stack(0x000000decb600000,0x000000decb700000)]
  0x00000277cb110bf0 JavaThread "Attach Listener" daemon [_thread_blocked, id=27284, stack(0x000000decb700000,0x000000decb800000)]
  0x00000277cb1114b0 JavaThread "Service Thread" daemon [_thread_blocked, id=26272, stack(0x000000decb800000,0x000000decb900000)]
  0x00000277cb111d70 JavaThread "Monitor Deflation Thread" daemon [_thread_blocked, id=27748, stack(0x000000decb900000,0x000000decba00000)]
=>0x00000277cb114970 JavaThread "C2 CompilerThread0" daemon [_thread_in_native, id=30860, stack(0x000000decba00000,0x000000decbb00000)]
  0x00000277cb115320 JavaThread "C1 CompilerThread0" daemon [_thread_blocked, id=30360, stack(0x000000decbb00000,0x000000decbc00000)]
  0x00000277cb119120 JavaThread "Sweeper thread" daemon [_thread_blocked, id=30608, stack(0x000000decbc00000,0x000000decbd00000)]
  0x00000277cb28a8c0 JavaThread "C1 CompilerThread1" daemon [_thread_blocked, id=18760, stack(0x000000decbd00000,0x000000decbe00000)]
  0x00000277cb2c1270 JavaThread "Common-Cleaner" daemon [_thread_blocked, id=13660, stack(0x000000decbe00000,0x000000decbf00000)]
  0x00000277cb2c3f80 JavaThread "Notification Thread" daemon [_thread_blocked, id=22244, stack(0x000000decbf00000,0x000000decc000000)]
  0x00000277cb43a6a0 JavaThread "C1 CompilerThread2" daemon [_thread_blocked, id=24104, stack(0x000000decc100000,0x000000decc200000)]
  0x00000277cc569490 JavaThread "Thread-1" daemon [_thread_blocked, id=22604, stack(0x000000decca00000,0x000000deccb00000)]

Other Threads:
  0x00000277ffd0e840 VMThread "VM Thread" [stack: 0x000000decb300000,0x000000decb400000] [id=29120]
  0x00000277cb2c65f0 WatcherThread [stack: 0x000000decc000000,0x000000decc100000] [id=9096]
  0x00000277e2447090 GCTaskThread "GC Thread#0" [stack: 0x000000decae00000,0x000000decaf00000] [id=19476]
  0x00000277cb384090 GCTaskThread "GC Thread#1" [stack: 0x000000decc200000,0x000000decc300000] [id=22556]
  0x00000277cbae1c00 GCTaskThread "GC Thread#2" [stack: 0x000000decc300000,0x000000decc400000] [id=9028]
  0x00000277cbae1ec0 GCTaskThread "GC Thread#3" [stack: 0x000000decc400000,0x000000decc500000] [id=30584]
  0x00000277cbada880 GCTaskThread "GC Thread#4" [stack: 0x000000decc500000,0x000000decc600000] [id=3276]
  0x00000277cbadaf50 GCTaskThread "GC Thread#5" [stack: 0x000000decc600000,0x000000decc700000] [id=28216]
  0x00000277cbb03c40 GCTaskThread "GC Thread#6" [stack: 0x000000decc700000,0x000000decc800000] [id=29664]
  0x00000277cbcb32b0 GCTaskThread "GC Thread#7" [stack: 0x000000decc800000,0x000000decc900000] [id=2736]
  0x00000277cbebeff0 GCTaskThread "GC Thread#8" [stack: 0x000000decc900000,0x000000decca00000] [id=8484]
  0x00000277cc9c4020 GCTaskThread "GC Thread#9" [stack: 0x000000deccb00000,0x000000deccc00000] [id=22608]
  0x00000277cc9c5620 GCTaskThread "GC Thread#10" [stack: 0x000000deccc00000,0x000000deccd00000] [id=30236]
  0x00000277cc9c4b20 GCTaskThread "GC Thread#11" [stack: 0x000000deccd00000,0x000000decce00000] [id=23040]
  0x00000277cc9c4860 GCTaskThread "GC Thread#12" [stack: 0x000000decce00000,0x000000deccf00000] [id=20260]
  0x00000277e2457cb0 ConcurrentGCThread "G1 Main Marker" [stack: 0x000000decaf00000,0x000000decb000000] [id=4100]
  0x00000277e24585d0 ConcurrentGCThread "G1 Conc#0" [stack: 0x000000decb000000,0x000000decb100000] [id=9504]
  0x00000277e249ea20 ConcurrentGCThread "G1 Refine#0" [stack: 0x000000decb100000,0x000000decb200000] [id=22796]
  0x00000277ffbc65a0 ConcurrentGCThread "G1 Service" [stack: 0x000000decb200000,0x000000decb300000] [id=768]

Threads with active compile tasks:
C2 CompilerThread0     3712 5197   !   4       org.codehaus.plexus.interpolation.reflection.ReflectionValueExtractor::getPropertyValue (114 bytes)
C1 CompilerThread0     3712 5254       3       java.util.zip.ZipFile$Source::initCEN (591 bytes)

VM state: not at safepoint (normal execution)

VM Mutex/Monitor currently owned by a thread: None

Heap address: 0x0000000702400000, size: 4060 MB, Compressed Oops mode: Zero based, Oop shift amount: 3

CDS archive(s) mapped at: [0x0000027786000000-0x0000027786bd0000-0x0000027786bd0000), size 12386304, SharedBaseAddress: 0x0000027786000000, ArchiveRelocationMode: 1.
Compressed class space mapped at: 0x0000027787000000-0x00000277c7000000, reserved size: 1073741824
Narrow klass base: 0x0000027786000000, Narrow klass shift: 0, Narrow klass range: 0x100000000

GC Precious Log:
 CPUs: 16 total, 16 available
 Memory: 16236M
 Large Page Support: Disabled
 NUMA Support: Disabled
 Compressed Oops: Enabled (Zero based)
 Heap Region Size: 2M
 Heap Min Capacity: 8M
 Heap Initial Capacity: 254M
 Heap Max Capacity: 4060M
 Pre-touch: Disabled
 Parallel Workers: 13
 Concurrent Workers: 3
 Concurrent Refinement Workers: 13
 Periodic GC: Disabled

Heap:
 garbage-first heap   total 260096K, used 82078K [0x0000000702400000, 0x0000000800000000)
  region size 2048K, 24 young (49152K), 7 survivors (14336K)
 Metaspace       used 17679K, committed 17984K, reserved 1114112K
  class space    used 2005K, committed 2176K, reserved 1048576K

Heap Regions: E=young(eden), S=young(survivor), O=old, HS=humongous(starts), HC=humongous(continues), CS=collection set, F=free, OA=open archive, CA=closed archive, TAMS=top-at-mark-start (previous, next)
|   0|0x0000000702400000, 0x0000000702600000, 0x0000000702600000|100%| O|  |TAMS 0x0000000702400000, 0x0000000702400000| Untracked 
|   1|0x0000000702600000, 0x000000070275da00, 0x0000000702800000| 68%| O|  |TAMS 0x0000000702600000, 0x0000000702600000| Untracked 
|   2|0x0000000702800000, 0x0000000702a00000, 0x0000000702a00000|100%|HS|  |TAMS 0x0000000702800000, 0x0000000702800000| Complete 
|   3|0x0000000702a00000, 0x0000000702c00000, 0x0000000702c00000|100%|HC|  |TAMS 0x0000000702a00000, 0x0000000702a00000| Complete 
|   4|0x0000000702c00000, 0x0000000702e00000, 0x0000000702e00000|100%|HC|  |TAMS 0x0000000702c00000, 0x0000000702c00000| Complete 
|   5|0x0000000702e00000, 0x0000000703000000, 0x0000000703000000|100%|HC|  |TAMS 0x0000000702e00000, 0x0000000702e00000| Complete 
|   6|0x0000000703000000, 0x0000000703200000, 0x0000000703200000|100%|HS|  |TAMS 0x0000000703000000, 0x0000000703000000| Complete 
|   7|0x0000000703200000, 0x0000000703400000, 0x0000000703400000|100%|HC|  |TAMS 0x0000000703200000, 0x0000000703200000| Complete 
|   8|0x0000000703400000, 0x0000000703600000, 0x0000000703600000|100%|HC|  |TAMS 0x0000000703400000, 0x0000000703400000| Complete 
|   9|0x0000000703600000, 0x0000000703800000, 0x0000000703800000|100%|HC|  |TAMS 0x0000000703600000, 0x0000000703600000| Complete 
|  10|0x0000000703800000, 0x0000000703a00000, 0x0000000703a00000|100%|HC|  |TAMS 0x0000000703800000, 0x0000000703800000| Complete 
|  11|0x0000000703a00000, 0x0000000703c00000, 0x0000000703c00000|100%|HC|  |TAMS 0x0000000703a00000, 0x0000000703a00000| Complete 
|  12|0x0000000703c00000, 0x0000000703e00000, 0x0000000703e00000|100%|HS|  |TAMS 0x0000000703c00000, 0x0000000703c00000| Complete 
|  13|0x0000000703e00000, 0x0000000704000000, 0x0000000704000000|100%|HC|  |TAMS 0x0000000703e00000, 0x0000000703e00000| Complete 
|  14|0x0000000704000000, 0x0000000704200000, 0x0000000704200000|100%|HC|  |TAMS 0x0000000704000000, 0x0000000704000000| Complete 
|  15|0x0000000704200000, 0x0000000704400000, 0x0000000704400000|100%|HC|  |TAMS 0x0000000704200000, 0x0000000704200000| Complete 
|  16|0x0000000704400000, 0x0000000704600000, 0x0000000704600000|100%|HC|  |TAMS 0x0000000704400000, 0x0000000704400000| Complete 
|  17|0x0000000704600000, 0x0000000704800000, 0x0000000704800000|100%|HC|  |TAMS 0x0000000704600000, 0x0000000704600000| Complete 
|  18|0x0000000704800000, 0x0000000704800000, 0x0000000704a00000|  0%| F|  |TAMS 0x0000000704800000, 0x0000000704800000| Untracked 
|  19|0x0000000704a00000, 0x0000000704a00000, 0x0000000704c00000|  0%| F|  |TAMS 0x0000000704a00000, 0x0000000704a00000| Untracked 
|  20|0x0000000704c00000, 0x0000000704c00000, 0x0000000704e00000|  0%| F|  |TAMS 0x0000000704c00000, 0x0000000704c00000| Untracked 
|  21|0x0000000704e00000, 0x0000000704e00000, 0x0000000705000000|  0%| F|  |TAMS 0x0000000704e00000, 0x0000000704e00000| Untracked 
|  22|0x0000000705000000, 0x0000000705000000, 0x0000000705200000|  0%| F|  |TAMS 0x0000000705000000, 0x0000000705000000| Untracked 
|  23|0x0000000705200000, 0x0000000705200000, 0x0000000705400000|  0%| F|  |TAMS 0x0000000705200000, 0x0000000705200000| Untracked 
|  24|0x0000000705400000, 0x0000000705400000, 0x0000000705600000|  0%| F|  |TAMS 0x0000000705400000, 0x0000000705400000| Untracked 
|  25|0x0000000705600000, 0x0000000705600000, 0x0000000705800000|  0%| F|  |TAMS 0x0000000705600000, 0x0000000705600000| Untracked 
|  26|0x0000000705800000, 0x0000000705800000, 0x0000000705a00000|  0%| F|  |TAMS 0x0000000705800000, 0x0000000705800000| Untracked 
|  27|0x0000000705a00000, 0x0000000705a00000, 0x0000000705c00000|  0%| F|  |TAMS 0x0000000705a00000, 0x0000000705a00000| Untracked 
|  28|0x0000000705c00000, 0x0000000705c00000, 0x0000000705e00000|  0%| F|  |TAMS 0x0000000705c00000, 0x0000000705c00000| Untracked 
|  29|0x0000000705e00000, 0x0000000705e00000, 0x0000000706000000|  0%| F|  |TAMS 0x0000000705e00000, 0x0000000705e00000| Untracked 
|  30|0x0000000706000000, 0x0000000706000000, 0x0000000706200000|  0%| F|  |TAMS 0x0000000706000000, 0x0000000706000000| Untracked 
|  31|0x0000000706200000, 0x0000000706200000, 0x0000000706400000|  0%| F|  |TAMS 0x0000000706200000, 0x0000000706200000| Untracked 
|  32|0x0000000706400000, 0x0000000706400000, 0x0000000706600000|  0%| F|  |TAMS 0x0000000706400000, 0x0000000706400000| Untracked 
|  33|0x0000000706600000, 0x0000000706600000, 0x0000000706800000|  0%| F|  |TAMS 0x0000000706600000, 0x0000000706600000| Untracked 
|  34|0x0000000706800000, 0x0000000706800000, 0x0000000706a00000|  0%| F|  |TAMS 0x0000000706800000, 0x0000000706800000| Untracked 
|  35|0x0000000706a00000, 0x0000000706a00000, 0x0000000706c00000|  0%| F|  |TAMS 0x0000000706a00000, 0x0000000706a00000| Untracked 
|  36|0x0000000706c00000, 0x0000000706c00000, 0x0000000706e00000|  0%| F|  |TAMS 0x0000000706c00000, 0x0000000706c00000| Untracked 
|  37|0x0000000706e00000, 0x0000000706e00000, 0x0000000707000000|  0%| F|  |TAMS 0x0000000706e00000, 0x0000000706e00000| Untracked 
|  38|0x0000000707000000, 0x0000000707000000, 0x0000000707200000|  0%| F|  |TAMS 0x0000000707000000, 0x0000000707000000| Untracked 
|  39|0x0000000707200000, 0x0000000707200000, 0x0000000707400000|  0%| F|  |TAMS 0x0000000707200000, 0x0000000707200000| Untracked 
|  40|0x0000000707400000, 0x0000000707400000, 0x0000000707600000|  0%| F|  |TAMS 0x0000000707400000, 0x0000000707400000| Untracked 
|  41|0x0000000707600000, 0x0000000707600000, 0x0000000707800000|  0%| F|  |TAMS 0x0000000707600000, 0x0000000707600000| Untracked 
|  42|0x0000000707800000, 0x0000000707800000, 0x0000000707a00000|  0%| F|  |TAMS 0x0000000707800000, 0x0000000707800000| Untracked 
|  43|0x0000000707a00000, 0x0000000707a00000, 0x0000000707c00000|  0%| F|  |TAMS 0x0000000707a00000, 0x0000000707a00000| Untracked 
|  44|0x0000000707c00000, 0x0000000707cc9fd0, 0x0000000707e00000| 39%| S|CS|TAMS 0x0000000707c00000, 0x0000000707c00000| Complete 
|  45|0x0000000707e00000, 0x0000000708000000, 0x0000000708000000|100%| S|CS|TAMS 0x0000000707e00000, 0x0000000707e00000| Complete 
|  46|0x0000000708000000, 0x0000000708200000, 0x0000000708200000|100%| S|CS|TAMS 0x0000000708000000, 0x0000000708000000| Complete 
|  47|0x0000000708200000, 0x0000000708400000, 0x0000000708400000|100%| S|CS|TAMS 0x0000000708200000, 0x0000000708200000| Complete 
|  48|0x0000000708400000, 0x0000000708600000, 0x0000000708600000|100%| S|CS|TAMS 0x0000000708400000, 0x0000000708400000| Complete 
|  49|0x0000000708600000, 0x0000000708800000, 0x0000000708800000|100%| S|CS|TAMS 0x0000000708600000, 0x0000000708600000| Complete 
|  50|0x0000000708800000, 0x0000000708a00000, 0x0000000708a00000|100%| S|CS|TAMS 0x0000000708800000, 0x0000000708800000| Complete 
|  51|0x0000000708a00000, 0x0000000708a00000, 0x0000000708c00000|  0%| F|  |TAMS 0x0000000708a00000, 0x0000000708a00000| Untracked 
|  52|0x0000000708c00000, 0x0000000708c00000, 0x0000000708e00000|  0%| F|  |TAMS 0x0000000708c00000, 0x0000000708c00000| Untracked 
|  53|0x0000000708e00000, 0x0000000708e00000, 0x0000000709000000|  0%| F|  |TAMS 0x0000000708e00000, 0x0000000708e00000| Untracked 
|  54|0x0000000709000000, 0x0000000709000000, 0x0000000709200000|  0%| F|  |TAMS 0x0000000709000000, 0x0000000709000000| Untracked 
|  55|0x0000000709200000, 0x0000000709200000, 0x0000000709400000|  0%| F|  |TAMS 0x0000000709200000, 0x0000000709200000| Untracked 
|  56|0x0000000709400000, 0x0000000709400000, 0x0000000709600000|  0%| F|  |TAMS 0x0000000709400000, 0x0000000709400000| Untracked 
|  57|0x0000000709600000, 0x0000000709600000, 0x0000000709800000|  0%| F|  |TAMS 0x0000000709600000, 0x0000000709600000| Untracked 
|  58|0x0000000709800000, 0x0000000709800000, 0x0000000709a00000|  0%| F|  |TAMS 0x0000000709800000, 0x0000000709800000| Untracked 
|  59|0x0000000709a00000, 0x0000000709a00000, 0x0000000709c00000|  0%| F|  |TAMS 0x0000000709a00000, 0x0000000709a00000| Untracked 
|  60|0x0000000709c00000, 0x0000000709c00000, 0x0000000709e00000|  0%| F|  |TAMS 0x0000000709c00000, 0x0000000709c00000| Untracked 
|  61|0x0000000709e00000, 0x0000000709e00000, 0x000000070a000000|  0%| F|  |TAMS 0x0000000709e00000, 0x0000000709e00000| Untracked 
|  62|0x000000070a000000, 0x000000070a000000, 0x000000070a200000|  0%| F|  |TAMS 0x000000070a000000, 0x000000070a000000| Untracked 
|  63|0x000000070a200000, 0x000000070a200000, 0x000000070a400000|  0%| F|  |TAMS 0x000000070a200000, 0x000000070a200000| Untracked 
|  64|0x000000070a400000, 0x000000070a400000, 0x000000070a600000|  0%| F|  |TAMS 0x000000070a400000, 0x000000070a400000| Untracked 
|  65|0x000000070a600000, 0x000000070a600000, 0x000000070a800000|  0%| F|  |TAMS 0x000000070a600000, 0x000000070a600000| Untracked 
|  66|0x000000070a800000, 0x000000070a800000, 0x000000070aa00000|  0%| F|  |TAMS 0x000000070a800000, 0x000000070a800000| Untracked 
|  67|0x000000070aa00000, 0x000000070aa00000, 0x000000070ac00000|  0%| F|  |TAMS 0x000000070aa00000, 0x000000070aa00000| Untracked 
|  68|0x000000070ac00000, 0x000000070ac00000, 0x000000070ae00000|  0%| F|  |TAMS 0x000000070ac00000, 0x000000070ac00000| Untracked 
|  69|0x000000070ae00000, 0x000000070ae00000, 0x000000070b000000|  0%| F|  |TAMS 0x000000070ae00000, 0x000000070ae00000| Untracked 
|  70|0x000000070b000000, 0x000000070b000000, 0x000000070b200000|  0%| F|  |TAMS 0x000000070b000000, 0x000000070b000000| Untracked 
|  71|0x000000070b200000, 0x000000070b200000, 0x000000070b400000|  0%| F|  |TAMS 0x000000070b200000, 0x000000070b200000| Untracked 
|  72|0x000000070b400000, 0x000000070b400000, 0x000000070b600000|  0%| F|  |TAMS 0x000000070b400000, 0x000000070b400000| Untracked 
|  73|0x000000070b600000, 0x000000070b600000, 0x000000070b800000|  0%| F|  |TAMS 0x000000070b600000, 0x000000070b600000| Untracked 
|  74|0x000000070b800000, 0x000000070b800000, 0x000000070ba00000|  0%| F|  |TAMS 0x000000070b800000, 0x000000070b800000| Untracked 
|  75|0x000000070ba00000, 0x000000070ba00000, 0x000000070bc00000|  0%| F|  |TAMS 0x000000070ba00000, 0x000000070ba00000| Untracked 
|  76|0x000000070bc00000, 0x000000070bc00000, 0x000000070be00000|  0%| F|  |TAMS 0x000000070bc00000, 0x000000070bc00000| Untracked 
|  77|0x000000070be00000, 0x000000070be00000, 0x000000070c000000|  0%| F|  |TAMS 0x000000070be00000, 0x000000070be00000| Untracked 
|  78|0x000000070c000000, 0x000000070c000000, 0x000000070c200000|  0%| F|  |TAMS 0x000000070c000000, 0x000000070c000000| Untracked 
|  79|0x000000070c200000, 0x000000070c200000, 0x000000070c400000|  0%| F|  |TAMS 0x000000070c200000, 0x000000070c200000| Untracked 
|  80|0x000000070c400000, 0x000000070c400000, 0x000000070c600000|  0%| F|  |TAMS 0x000000070c400000, 0x000000070c400000| Untracked 
|  81|0x000000070c600000, 0x000000070c600000, 0x000000070c800000|  0%| F|  |TAMS 0x000000070c600000, 0x000000070c600000| Untracked 
|  82|0x000000070c800000, 0x000000070c800000, 0x000000070ca00000|  0%| F|  |TAMS 0x000000070c800000, 0x000000070c800000| Untracked 
|  83|0x000000070ca00000, 0x000000070ca00000, 0x000000070cc00000|  0%| F|  |TAMS 0x000000070ca00000, 0x000000070ca00000| Untracked 
|  84|0x000000070cc00000, 0x000000070cc00000, 0x000000070ce00000|  0%| F|  |TAMS 0x000000070cc00000, 0x000000070cc00000| Untracked 
|  85|0x000000070ce00000, 0x000000070ce00000, 0x000000070d000000|  0%| F|  |TAMS 0x000000070ce00000, 0x000000070ce00000| Untracked 
|  86|0x000000070d000000, 0x000000070d000000, 0x000000070d200000|  0%| F|  |TAMS 0x000000070d000000, 0x000000070d000000| Untracked 
|  87|0x000000070d200000, 0x000000070d200000, 0x000000070d400000|  0%| F|  |TAMS 0x000000070d200000, 0x000000070d200000| Untracked 
|  88|0x000000070d400000, 0x000000070d400000, 0x000000070d600000|  0%| F|  |TAMS 0x000000070d400000, 0x000000070d400000| Untracked 
|  89|0x000000070d600000, 0x000000070d600000, 0x000000070d800000|  0%| F|  |TAMS 0x000000070d600000, 0x000000070d600000| Untracked 
|  90|0x000000070d800000, 0x000000070d800000, 0x000000070da00000|  0%| F|  |TAMS 0x000000070d800000, 0x000000070d800000| Untracked 
|  91|0x000000070da00000, 0x000000070da00000, 0x000000070dc00000|  0%| F|  |TAMS 0x000000070da00000, 0x000000070da00000| Untracked 
|  92|0x000000070dc00000, 0x000000070dc00000, 0x000000070de00000|  0%| F|  |TAMS 0x000000070dc00000, 0x000000070dc00000| Untracked 
|  93|0x000000070de00000, 0x000000070de00000, 0x000000070e000000|  0%| F|  |TAMS 0x000000070de00000, 0x000000070de00000| Untracked 
|  94|0x000000070e000000, 0x000000070e000000, 0x000000070e200000|  0%| F|  |TAMS 0x000000070e000000, 0x000000070e000000| Untracked 
|  95|0x000000070e200000, 0x000000070e200000, 0x000000070e400000|  0%| F|  |TAMS 0x000000070e200000, 0x000000070e200000| Untracked 
|  96|0x000000070e400000, 0x000000070e400000, 0x000000070e600000|  0%| F|  |TAMS 0x000000070e400000, 0x000000070e400000| Untracked 
|  97|0x000000070e600000, 0x000000070e600000, 0x000000070e800000|  0%| F|  |TAMS 0x000000070e600000, 0x000000070e600000| Untracked 
|  98|0x000000070e800000, 0x000000070e800000, 0x000000070ea00000|  0%| F|  |TAMS 0x000000070e800000, 0x000000070e800000| Untracked 
|  99|0x000000070ea00000, 0x000000070ea00000, 0x000000070ec00000|  0%| F|  |TAMS 0x000000070ea00000, 0x000000070ea00000| Untracked 
| 100|0x000000070ec00000, 0x000000070ec00000, 0x000000070ee00000|  0%| F|  |TAMS 0x000000070ec00000, 0x000000070ec00000| Untracked 
| 101|0x000000070ee00000, 0x000000070ee00000, 0x000000070f000000|  0%| F|  |TAMS 0x000000070ee00000, 0x000000070ee00000| Untracked 
| 102|0x000000070f000000, 0x000000070f000000, 0x000000070f200000|  0%| F|  |TAMS 0x000000070f000000, 0x000000070f000000| Untracked 
| 103|0x000000070f200000, 0x000000070f200000, 0x000000070f400000|  0%| F|  |TAMS 0x000000070f200000, 0x000000070f200000| Untracked 
| 104|0x000000070f400000, 0x000000070f400000, 0x000000070f600000|  0%| F|  |TAMS 0x000000070f400000, 0x000000070f400000| Untracked 
| 105|0x000000070f600000, 0x000000070f600000, 0x000000070f800000|  0%| F|  |TAMS 0x000000070f600000, 0x000000070f600000| Untracked 
| 106|0x000000070f800000, 0x000000070f800000, 0x000000070fa00000|  0%| F|  |TAMS 0x000000070f800000, 0x000000070f800000| Untracked 
| 107|0x000000070fa00000, 0x000000070fa00000, 0x000000070fc00000|  0%| F|  |TAMS 0x000000070fa00000, 0x000000070fa00000| Untracked 
| 108|0x000000070fc00000, 0x000000070fc00000, 0x000000070fe00000|  0%| F|  |TAMS 0x000000070fc00000, 0x000000070fc00000| Untracked 
| 109|0x000000070fe00000, 0x000000070fe00000, 0x0000000710000000|  0%| F|  |TAMS 0x000000070fe00000, 0x000000070fe00000| Untracked 
| 110|0x0000000710000000, 0x0000000710200000, 0x0000000710200000|100%| E|  |TAMS 0x0000000710000000, 0x0000000710000000| Complete 
| 111|0x0000000710200000, 0x0000000710400000, 0x0000000710400000|100%| E|CS|TAMS 0x0000000710200000, 0x0000000710200000| Complete 
| 112|0x0000000710400000, 0x0000000710600000, 0x0000000710600000|100%| E|CS|TAMS 0x0000000710400000, 0x0000000710400000| Complete 
| 113|0x0000000710600000, 0x0000000710800000, 0x0000000710800000|100%| E|CS|TAMS 0x0000000710600000, 0x0000000710600000| Complete 
| 114|0x0000000710800000, 0x0000000710a00000, 0x0000000710a00000|100%| E|CS|TAMS 0x0000000710800000, 0x0000000710800000| Complete 
| 115|0x0000000710a00000, 0x0000000710c00000, 0x0000000710c00000|100%| E|CS|TAMS 0x0000000710a00000, 0x0000000710a00000| Complete 
| 116|0x0000000710c00000, 0x0000000710e00000, 0x0000000710e00000|100%| E|CS|TAMS 0x0000000710c00000, 0x0000000710c00000| Complete 
| 117|0x0000000710e00000, 0x0000000711000000, 0x0000000711000000|100%| E|CS|TAMS 0x0000000710e00000, 0x0000000710e00000| Complete 
| 118|0x0000000711000000, 0x0000000711200000, 0x0000000711200000|100%| E|CS|TAMS 0x0000000711000000, 0x0000000711000000| Complete 
| 119|0x0000000711200000, 0x0000000711400000, 0x0000000711400000|100%| E|CS|TAMS 0x0000000711200000, 0x0000000711200000| Complete 
| 120|0x0000000711400000, 0x0000000711600000, 0x0000000711600000|100%| E|CS|TAMS 0x0000000711400000, 0x0000000711400000| Complete 
| 121|0x0000000711600000, 0x0000000711800000, 0x0000000711800000|100%| E|CS|TAMS 0x0000000711600000, 0x0000000711600000| Complete 
| 122|0x0000000711800000, 0x0000000711a00000, 0x0000000711a00000|100%| E|CS|TAMS 0x0000000711800000, 0x0000000711800000| Complete 
| 123|0x0000000711a00000, 0x0000000711c00000, 0x0000000711c00000|100%| E|CS|TAMS 0x0000000711a00000, 0x0000000711a00000| Complete 
| 124|0x0000000711c00000, 0x0000000711e00000, 0x0000000711e00000|100%| E|CS|TAMS 0x0000000711c00000, 0x0000000711c00000| Complete 
| 125|0x0000000711e00000, 0x0000000712000000, 0x0000000712000000|100%| E|CS|TAMS 0x0000000711e00000, 0x0000000711e00000| Complete 
| 126|0x0000000712000000, 0x0000000712200000, 0x0000000712200000|100%| E|CS|TAMS 0x0000000712000000, 0x0000000712000000| Complete 

Card table byte_map: [0x00000277f9d30000,0x00000277fa520000] _byte_map_base: 0x00000277f651e000

Marking Bits (Prev, Next): (CMBitMap*) 0x00000277e24475c0, (CMBitMap*) 0x00000277e2447600
 Prev Bits: [0x00000277fad10000, 0x00000277fec80000)
 Next Bits: [0x0000027780000000, 0x0000027783f70000)

Polling page: 0x00000277e1ba0000

Metaspace:

Usage:
  Non-class:     15.32 MB used.
      Class:      1.96 MB used.
       Both:     17.28 MB used.

Virtual space:
  Non-class space:       64.00 MB reserved,      15.44 MB ( 24%) committed,  1 nodes.
      Class space:        1.00 GB reserved,       2.12 MB ( <1%) committed,  1 nodes.
             Both:        1.06 GB reserved,      17.56 MB (  2%) committed. 

Chunk freelists:
   Non-Class:  432.00 KB
       Class:  13.81 MB
        Both:  14.23 MB

MaxMetaspaceSize: unlimited
CompressedClassSpaceSize: 1.00 GB
Initial GC threshold: 21.00 MB
Current GC threshold: 21.00 MB
CDS: on
MetaspaceReclaimPolicy: balanced
 - commit_granule_bytes: 65536.
 - commit_granule_words: 8192.
 - virtual_space_node_default_size: 8388608.
 - enlarge_chunks_in_place: 1.
 - new_chunks_are_fully_committed: 0.
 - uncommit_free_chunks: 1.
 - use_allocation_guard: 0.
 - handle_deallocations: 1.


Internal statistics:

num_allocs_failed_limit: 0.
num_arena_births: 132.
num_arena_deaths: 0.
num_vsnodes_births: 2.
num_vsnodes_deaths: 0.
num_space_committed: 281.
num_space_uncommitted: 0.
num_chunks_returned_to_freelist: 0.
num_chunks_taken_from_freelist: 766.
num_chunk_merges: 0.
num_chunk_splits: 506.
num_chunks_enlarged: 395.
num_inconsistent_stats: 0.

CodeHeap 'non-profiled nmethods': size=119168Kb used=2239Kb max_used=2239Kb free=116928Kb
 bounds [0x00000277f1860000, 0x00000277f1ad0000, 0x00000277f8cc0000]
CodeHeap 'profiled nmethods': size=119104Kb used=12000Kb max_used=12000Kb free=107103Kb
 bounds [0x00000277e9cc0000, 0x00000277ea880000, 0x00000277f1110000]
CodeHeap 'non-nmethods': size=7488Kb used=2315Kb max_used=2355Kb free=5172Kb
 bounds [0x00000277f1110000, 0x00000277f1380000, 0x00000277f1860000]
 total_blobs=5730 nmethods=5245 adapters=395
 compilation: enabled
              stopped_count=0, restarted_count=0
 full_count=0

Compilation events (20 events):
Event: 3.633 Thread 0x00000277cb114970 nmethod 5200 0x00000277f1a8e310 code [0x00000277f1a8e500, 0x00000277f1a8f138]
Event: 3.633 Thread 0x00000277cb114970 5197   !   4       org.codehaus.plexus.interpolation.reflection.ReflectionValueExtractor::getPropertyValue (114 bytes)
Event: 3.633 Thread 0x00000277cb43a6a0 5206       3       org.apache.maven.artifact.versioning.ComparableVersion::parseItem (64 bytes)
Event: 3.633 Thread 0x00000277cb115320 5207       3       org.apache.maven.artifact.versioning.DefaultArtifactVersion::isDigits (54 bytes)
Event: 3.633 Thread 0x00000277cb28a8c0 5208       1       org.apache.maven.artifact.DefaultArtifact::getFile (5 bytes)
Event: 3.633 Thread 0x00000277cb28a8c0 nmethod 5208 0x00000277f1a8f810 code [0x00000277f1a8f9a0, 0x00000277f1a8fa78]
Event: 3.633 Thread 0x00000277cb43a6a0 nmethod 5206 0x00000277ea857010 code [0x00000277ea857260, 0x00000277ea8579c8]
Event: 3.633 Thread 0x00000277cb43a6a0 5209       1       java.net.URI::getScheme (5 bytes)
Event: 3.633 Thread 0x00000277cb43a6a0 nmethod 5209 0x00000277f1a8fb10 code [0x00000277f1a8fca0, 0x00000277f1a8fd78]
Event: 3.633 Thread 0x00000277cb28a8c0 5210       3       java.net.URLStreamHandler::sameFile (136 bytes)
Event: 3.633 Thread 0x00000277cb115320 nmethod 5207 0x00000277ea857c90 code [0x00000277ea857f00, 0x00000277ea858ab8]
Event: 3.634 Thread 0x00000277cb28a8c0 nmethod 5210 0x00000277ea858f10 code [0x00000277ea859140, 0x00000277ea8599e8]
Event: 3.641 Thread 0x00000277cb43a6a0 5212       3       com.google.common.collect.RegularImmutableSet::iterator (5 bytes)
Event: 3.641 Thread 0x00000277cb115320 5213       3       com.google.common.collect.RegularImmutableSet::iterator (8 bytes)
Event: 3.641 Thread 0x00000277cb28a8c0 5214       3       com.google.common.collect.Iterators::forArray (6 bytes)
Event: 3.642 Thread 0x00000277cb28a8c0 nmethod 5214 0x00000277ea859c10 code [0x00000277ea859e20, 0x00000277ea85a458]
Event: 3.642 Thread 0x00000277cb28a8c0 5215       3       sun.reflect.annotation.TypeAnnotationParser::buildAnnotatedType (114 bytes)
Event: 3.642 Thread 0x00000277cb43a6a0 nmethod 5212 0x00000277ea85a710 code [0x00000277ea85a920, 0x00000277ea85b038]
Event: 3.642 Thread 0x00000277cb115320 nmethod 5213 0x00000277ea85b310 code [0x00000277ea85b520, 0x00000277ea85bbd8]
Event: 3.642 Thread 0x00000277cb28a8c0 nmethod 5215 0x00000277ea85be90 code [0x00000277ea85c0e0, 0x00000277ea85cb58]

GC Heap History (6 events):
Event: 0.479 GC heap before
{Heap before GC invocations=0 (full 0):
 garbage-first heap   total 260096K, used 22528K [0x0000000702400000, 0x0000000800000000)
  region size 2048K, 11 young (22528K), 0 survivors (0K)
 Metaspace       used 5414K, committed 5632K, reserved 1114112K
  class space    used 648K, committed 768K, reserved 1048576K
}
Event: 0.483 GC heap after
{Heap after GC invocations=1 (full 0):
 garbage-first heap   total 260096K, used 3711K [0x0000000702400000, 0x0000000800000000)
  region size 2048K, 2 young (4096K), 2 survivors (4096K)
 Metaspace       used 5414K, committed 5632K, reserved 1114112K
  class space    used 648K, committed 768K, reserved 1048576K
}
Event: 0.845 GC heap before
{Heap before GC invocations=1 (full 0):
 garbage-first heap   total 260096K, used 34431K [0x0000000702400000, 0x0000000800000000)
  region size 2048K, 17 young (34816K), 2 survivors (4096K)
 Metaspace       used 9021K, committed 9152K, reserved 1114112K
  class space    used 1089K, committed 1152K, reserved 1048576K
}
Event: 0.848 GC heap after
{Heap after GC invocations=2 (full 0):
 garbage-first heap   total 260096K, used 5160K [0x0000000702400000, 0x0000000800000000)
  region size 2048K, 1 young (2048K), 1 survivors (2048K)
 Metaspace       used 9021K, committed 9152K, reserved 1114112K
  class space    used 1089K, committed 1152K, reserved 1048576K
}
Event: 2.802 GC heap before
{Heap before GC invocations=2 (full 0):
 garbage-first heap   total 260096K, used 158760K [0x0000000702400000, 0x0000000800000000)
  region size 2048K, 76 young (155648K), 1 survivors (2048K)
 Metaspace       used 16403K, committed 16640K, reserved 1114112K
  class space    used 1868K, committed 1984K, reserved 1048576K
}
Event: 2.809 GC heap after
{Heap after GC invocations=3 (full 0):
 garbage-first heap   total 260096K, used 16542K [0x0000000702400000, 0x0000000800000000)
  region size 2048K, 7 young (14336K), 7 survivors (14336K)
 Metaspace       used 16403K, committed 16640K, reserved 1114112K
  class space    used 1868K, committed 1984K, reserved 1048576K
}

Deoptimization events (20 events):
Event: 3.065 Thread 0x00000277e23d6e10 Uncommon trap: trap_request=0xffffffc6 fr.pc=0x00000277f193c128 relative=0x0000000000000088
Event: 3.065 Thread 0x00000277e23d6e10 Uncommon trap: reason=bimorphic_or_optimized_type_check action=maybe_recompile pc=0x00000277f193c128 method=com.google.inject.internal.LinkedBindingImpl.acceptTargetVisitor(Lcom/google/inject/spi/BindingTargetVisitor;)Ljava/lang/Object; @ 2 c2
Event: 3.065 Thread 0x00000277e23d6e10 DEOPT PACKING pc=0x00000277f193c128 sp=0x000000decadfcfb0
Event: 3.065 Thread 0x00000277e23d6e10 DEOPT UNPACKING pc=0x00000277f11623a3 sp=0x000000decadfcf38 mode 2
Event: 3.065 Thread 0x00000277e23d6e10 Uncommon trap: trap_request=0xffffffc6 fr.pc=0x00000277f193c128 relative=0x0000000000000088
Event: 3.065 Thread 0x00000277e23d6e10 Uncommon trap: reason=bimorphic_or_optimized_type_check action=maybe_recompile pc=0x00000277f193c128 method=com.google.inject.internal.LinkedBindingImpl.acceptTargetVisitor(Lcom/google/inject/spi/BindingTargetVisitor;)Ljava/lang/Object; @ 2 c2
Event: 3.065 Thread 0x00000277e23d6e10 DEOPT PACKING pc=0x00000277f193c128 sp=0x000000decadfcfb0
Event: 3.065 Thread 0x00000277e23d6e10 DEOPT UNPACKING pc=0x00000277f11623a3 sp=0x000000decadfcf38 mode 2
Event: 3.072 Thread 0x00000277e23d6e10 Uncommon trap: trap_request=0xffffff45 fr.pc=0x00000277f1a4ee80 relative=0x0000000000000460
Event: 3.072 Thread 0x00000277e23d6e10 Uncommon trap: reason=unstable_if action=reinterpret pc=0x00000277f1a4ee80 method=java.util.HashMap.keysToArray([Ljava/lang/Object;)[Ljava/lang/Object; @ 9 c2
Event: 3.072 Thread 0x00000277e23d6e10 DEOPT PACKING pc=0x00000277f1a4ee80 sp=0x000000decadfc9e0
Event: 3.072 Thread 0x00000277e23d6e10 DEOPT UNPACKING pc=0x00000277f11623a3 sp=0x000000decadfc988 mode 2
Event: 3.107 Thread 0x00000277e23d6e10 DEOPT PACKING pc=0x00000277ea7ffd94 sp=0x000000decadf9670
Event: 3.107 Thread 0x00000277e23d6e10 DEOPT UNPACKING pc=0x00000277f1162b43 sp=0x000000decadf8b08 mode 0
Event: 3.132 Thread 0x00000277e23d6e10 DEOPT PACKING pc=0x00000277ea7ffd94 sp=0x000000decadfd7f0
Event: 3.132 Thread 0x00000277e23d6e10 DEOPT UNPACKING pc=0x00000277f1162b43 sp=0x000000decadfcc88 mode 0
Event: 3.313 Thread 0x00000277e23d6e10 DEOPT PACKING pc=0x00000277e9d86189 sp=0x000000decadfbc60
Event: 3.313 Thread 0x00000277e23d6e10 DEOPT UNPACKING pc=0x00000277f1162b43 sp=0x000000decadfb140 mode 0
Event: 3.555 Thread 0x00000277e23d6e10 DEOPT PACKING pc=0x00000277ea32020a sp=0x000000decadfbc90
Event: 3.555 Thread 0x00000277e23d6e10 DEOPT UNPACKING pc=0x00000277f1162b43 sp=0x000000decadfb1a0 mode 0

Classes unloaded (0 events):
No events

Classes redefined (0 events):
No events

Internal exceptions (20 events):
Event: 0.966 Thread 0x00000277e23d6e10 Exception <a 'java/lang/ExceptionInInitializerError'{0x00000007118696b0}> (0x00000007118696b0) 
thrown [s\open\src\hotspot\share\oops\instanceKlass.cpp, line 1216]
Event: 0.975 Thread 0x00000277e23d6e10 Implicit null exception at 0x00000277f18f442f to 0x00000277f18f4590
Event: 0.976 Thread 0x00000277e23d6e10 Exception <a 'java/lang/NoSuchMethodError'{0x00000007118d0e30}: 'java.lang.Object java.lang.invoke.Invokers$Holder.invokeExact_MT(java.lang.Object, int, java.lang.Object)'> (0x00000007118d0e30) 
thrown [s\open\src\hotspot\share\interpreter\linkResolver.cpp, line 759]
Event: 0.984 Thread 0x00000277e23d6e10 Exception <a 'java/lang/NoSuchMethodError'{0x000000071193ae80}: 'int java.lang.invoke.DirectMethodHandle$Holder.invokeSpecial(java.lang.Object, java.lang.Object, java.lang.Object, java.lang.Object)'> (0x000000071193ae80) 
thrown [s\open\src\hotspot\share\interpreter\linkResolver.cpp, line 759]
Event: 1.121 Thread 0x00000277e23d6e10 Exception <a 'java/lang/NoClassDefFoundError'{0x0000000711171fa0}: com/google/inject/servlet/ServletModuleTargetVisitor> (0x0000000711171fa0) 
thrown [s\open\src\hotspot\share\classfile\systemDictionary.cpp, line 245]
Event: 1.156 Thread 0x00000277e23d6e10 Exception <a 'java/lang/NoSuchMethodError'{0x0000000710f07ae0}: 'void java.lang.invoke.DirectMethodHandle$Holder.invokeVirtual(java.lang.Object, java.lang.Object)'> (0x0000000710f07ae0) 
thrown [s\open\src\hotspot\share\interpreter\linkResolver.cpp, line 759]
Event: 1.174 Thread 0x00000277e23d6e10 Exception <a 'java/lang/NoSuchMethodError'{0x0000000710f80198}: 'java.lang.Object java.lang.invoke.DirectMethodHandle$Holder.invokeStaticInit(java.lang.Object, int, int, int, int)'> (0x0000000710f80198) 
thrown [s\open\src\hotspot\share\interpreter\linkResolver.cpp, line 759]
Event: 1.250 Thread 0x00000277e23d6e10 Implicit null exception at 0x00000277f1885f72 to 0x00000277f188654c
Event: 1.250 Thread 0x00000277e23d6e10 Implicit null exception at 0x00000277f188a2f2 to 0x00000277f188a8e0
Event: 1.277 Thread 0x00000277e23d6e10 Exception <a 'java/lang/NoSuchMethodError'{0x00000007106a4690}: 'void java.lang.invoke.DirectMethodHandle$Holder.invokeSpecial(java.lang.Object, java.lang.Object, java.lang.Object, java.lang.Object, java.lang.Object)'> (0x00000007106a4690) 
thrown [s\open\src\hotspot\share\interpreter\linkResolver.cpp, line 759]
Event: 1.279 Thread 0x00000277e23d6e10 Exception <a 'java/lang/NoSuchMethodError'{0x00000007106c1d18}: 'void java.lang.invoke.DirectMethodHandle$Holder.invokeSpecial(java.lang.Object, java.lang.Object, java.lang.Object, java.lang.Object, java.lang.Object, java.lang.Object)'> (0x00000007106c1d18) 
thrown [s\open\src\hotspot\share\interpreter\linkResolver.cpp, line 759]
Event: 1.287 Thread 0x00000277e23d6e10 Exception <a 'java/lang/NoSuchMethodError'{0x00000007107b3698}: 'java.lang.Object java.lang.invoke.DirectMethodHandle$Holder.invokeVirtual(java.lang.Object, java.lang.Object, java.lang.Object)'> (0x00000007107b3698) 
thrown [s\open\src\hotspot\share\interpreter\linkResolver.cpp, line 759]
Event: 1.844 Thread 0x00000277e23d6e10 Implicit null exception at 0x00000277f195e32f to 0x00000277f195e41c
Event: 1.844 Thread 0x00000277e23d6e10 Implicit null exception at 0x00000277f1907a6d to 0x00000277f1907c54
Event: 1.844 Thread 0x00000277e23d6e10 Implicit null exception at 0x00000277f1952f58 to 0x00000277f1952fee
Event: 2.866 Thread 0x00000277e23d6e10 Implicit null exception at 0x00000277f18f0d0f to 0x00000277f18f0d89
Event: 2.988 Thread 0x00000277e23d6e10 Exception <a 'java/lang/NoSuchMethodError'{0x00000007115b2130}: 'java.lang.Object java.lang.invoke.DirectMethodHandle$Holder.newInvokeSpecial(java.lang.Object, java.lang.Object, java.lang.Object, java.lang.Object, java.lang.Object, java.lang.Object, java.lang.Object)'> (0x00000007115b2130) 
thrown [s\open\src\hotspot\share\interpreter\linkResolver.cpp, line 759]
Event: 2.988 Thread 0x00000277e23d6e10 Exception <a 'java/lang/NoSuchMethodError'{0x00000007115b6a40}: 'java.lang.Object java.lang.invoke.Invokers$Holder.linkToTargetMethod(java.lang.Object, java.lang.Object, java.lang.Object, java.lang.Object, java.lang.Object, java.lang.Object, java.lang.Object)'> (0x00000007115b6a40) 
thrown [s\open\src\hotspot\share\interpreter\linkResolver.cpp, line 759]
Event: 3.078 Thread 0x00000277e23d6e10 Exception <a 'java/lang/NoSuchMethodError'{0x0000000710a0a458}: 'int java.lang.invoke.DirectMethodHandle$Holder.invokeVirtual(java.lang.Object, java.lang.Object)'> (0x0000000710a0a458) 
thrown [s\open\src\hotspot\share\interpreter\linkResolver.cpp, line 759]
Event: 3.105 Thread 0x00000277e23d6e10 Exception <a 'java/lang/NoSuchMethodError'{0x00000007108023c8}: 'int java.lang.invoke.DirectMethodHandle$Holder.invokeStatic(java.lang.Object, java.lang.Object, int)'> (0x00000007108023c8) 
thrown [s\open\src\hotspot\share\interpreter\linkResolver.cpp, line 759]

VM Operations (20 events):
Event: 1.256 Executing VM operation: ICBufferFull
Event: 1.256 Executing VM operation: ICBufferFull done
Event: 1.427 Executing VM operation: ICBufferFull
Event: 1.427 Executing VM operation: ICBufferFull done
Event: 1.828 Executing VM operation: ICBufferFull
Event: 1.828 Executing VM operation: ICBufferFull done
Event: 1.858 Executing VM operation: HandshakeAllThreads
Event: 1.858 Executing VM operation: HandshakeAllThreads done
Event: 1.936 Executing VM operation: ICBufferFull
Event: 1.936 Executing VM operation: ICBufferFull done
Event: 2.332 Executing VM operation: ICBufferFull
Event: 2.332 Executing VM operation: ICBufferFull done
Event: 2.782 Executing VM operation: ICBufferFull
Event: 2.782 Executing VM operation: ICBufferFull done
Event: 2.802 Executing VM operation: G1CollectForAllocation
Event: 2.809 Executing VM operation: G1CollectForAllocation done
Event: 3.035 Executing VM operation: ICBufferFull
Event: 3.035 Executing VM operation: ICBufferFull done
Event: 3.637 Executing VM operation: ICBufferFull
Event: 3.637 Executing VM operation: ICBufferFull done

Events (20 events):
Event: 3.088 loading class java/time/zone/ZoneRulesProvider
Event: 3.089 loading class java/time/zone/ZoneRulesProvider done
Event: 3.089 loading class java/time/zone/ZoneRulesProvider$1
Event: 3.089 loading class java/time/zone/ZoneRulesProvider$1 done
Event: 3.089 loading class java/time/zone/TzdbZoneRulesProvider
Event: 3.089 loading class java/time/zone/TzdbZoneRulesProvider done
Event: 3.090 loading class java/time/zone/Ser
Event: 3.090 loading class java/io/Externalizable
Event: 3.090 loading class java/io/Externalizable done
Event: 3.090 loading class java/time/zone/Ser done
Event: 3.091 loading class java/time/zone/ZoneOffsetTransition
Event: 3.091 loading class java/time/zone/ZoneOffsetTransition done
Event: 3.093 loading class jdk/internal/reflect/UnsafeBooleanFieldAccessorImpl
Event: 3.093 loading class jdk/internal/reflect/UnsafeBooleanFieldAccessorImpl done
Event: 3.115 loading class sun/nio/cs/UTF_8$Encoder
Event: 3.115 loading class sun/nio/cs/UTF_8$Encoder done
Event: 3.130 loading class java/nio/BufferMismatch
Event: 3.130 loading class java/nio/BufferMismatch done
Event: 3.130 loading class java/nio/file/attribute/PosixFileAttributes
Event: 3.130 loading class java/nio/file/attribute/PosixFileAttributes done


Dynamic libraries:
0x00007ff759ed0000 - 0x00007ff759ee0000 	D:\jdk-17.0.16_windows-x64_bin\jdk-17.0.16\bin\java.exe
0x00007ff90fd70000 - 0x00007ff90ff87000 	C:\Windows\SYSTEM32\ntdll.dll
0x00007ff90e200000 - 0x00007ff90e2c4000 	C:\Windows\System32\KERNEL32.DLL
0x00007ff90d450000 - 0x00007ff90d807000 	C:\Windows\System32\KERNELBASE.dll
0x00007ff90d120000 - 0x00007ff90d231000 	C:\Windows\System32\ucrtbase.dll
0x00007ff8f0720000 - 0x00007ff8f0739000 	D:\jdk-17.0.16_windows-x64_bin\jdk-17.0.16\bin\jli.dll
0x00007ff8fb6d0000 - 0x00007ff8fb6eb000 	D:\jdk-17.0.16_windows-x64_bin\jdk-17.0.16\bin\VCRUNTIME140.dll
0x00007ff90e140000 - 0x00007ff90e1f2000 	C:\Windows\System32\ADVAPI32.dll
0x00007ff90e2d0000 - 0x00007ff90e377000 	C:\Windows\System32\msvcrt.dll
0x00007ff90fad0000 - 0x00007ff90fb78000 	C:\Windows\System32\sechost.dll
0x00007ff90d360000 - 0x00007ff90d388000 	C:\Windows\System32\bcrypt.dll
0x00007ff90e400000 - 0x00007ff90e514000 	C:\Windows\System32\RPCRT4.dll
0x00007ff90df90000 - 0x00007ff90e13f000 	C:\Windows\System32\USER32.dll
0x00007ff8fdd40000 - 0x00007ff8fdfd3000 	C:\Windows\WinSxS\amd64_microsoft.windows.common-controls_6595b64144ccf1df_6.0.22621.3672_none_2713b9d173822955\COMCTL32.dll
0x00007ff90d240000 - 0x00007ff90d266000 	C:\Windows\System32\win32u.dll
0x00007ff90e730000 - 0x00007ff90e759000 	C:\Windows\System32\GDI32.dll
0x00007ff90d980000 - 0x00007ff90da98000 	C:\Windows\System32\gdi32full.dll
0x00007ff9039a0000 - 0x00007ff9039aa000 	C:\Windows\SYSTEM32\VERSION.dll
0x00007ff90d080000 - 0x00007ff90d11a000 	C:\Windows\System32\msvcp_win.dll
0x00007ff90fc10000 - 0x00007ff90fc41000 	C:\Windows\System32\IMM32.DLL
0x00007ff9068e0000 - 0x00007ff9068ec000 	D:\jdk-17.0.16_windows-x64_bin\jdk-17.0.16\bin\vcruntime140_1.dll
0x00007ff8e9c60000 - 0x00007ff8e9cee000 	D:\jdk-17.0.16_windows-x64_bin\jdk-17.0.16\bin\msvcp140.dll
0x00007ff869e70000 - 0x00007ff86aa51000 	D:\jdk-17.0.16_windows-x64_bin\jdk-17.0.16\bin\server\jvm.dll
0x00007ff90f9e0000 - 0x00007ff90f9e8000 	C:\Windows\System32\PSAPI.DLL
0x00007ff8e9cf0000 - 0x00007ff8e9cf9000 	C:\Windows\SYSTEM32\WSOCK32.dll
0x00007ff906640000 - 0x00007ff906674000 	C:\Windows\SYSTEM32\WINMM.dll
0x00007ff90ea90000 - 0x00007ff90eb01000 	C:\Windows\System32\WS2_32.dll
0x00007ff90c0f0000 - 0x00007ff90c108000 	C:\Windows\SYSTEM32\kernel.appcore.dll
0x00007ff8fd8c0000 - 0x00007ff8fd8ca000 	D:\jdk-17.0.16_windows-x64_bin\jdk-17.0.16\bin\jimage.dll
0x00007ff8f9c10000 - 0x00007ff8f9e42000 	C:\Windows\SYSTEM32\DBGHELP.DLL
0x00007ff90dc00000 - 0x00007ff90df8e000 	C:\Windows\System32\combase.dll
0x00007ff90fc50000 - 0x00007ff90fd27000 	C:\Windows\System32\OLEAUT32.dll
0x00007ff8edd40000 - 0x00007ff8edd72000 	C:\Windows\SYSTEM32\dbgcore.DLL
0x00007ff90d2e0000 - 0x00007ff90d35b000 	C:\Windows\System32\bcryptPrimitives.dll
0x00007ff8e9d10000 - 0x00007ff8e9d35000 	D:\jdk-17.0.16_windows-x64_bin\jdk-17.0.16\bin\java.dll
0x00007ff8e9b80000 - 0x00007ff8e9c57000 	D:\jdk-17.0.16_windows-x64_bin\jdk-17.0.16\bin\jsvml.dll
0x00007ff90eb20000 - 0x00007ff90f389000 	C:\Windows\System32\SHELL32.dll
0x00007ff90afa0000 - 0x00007ff90b89f000 	C:\Windows\SYSTEM32\windows.storage.dll
0x00007ff90ae60000 - 0x00007ff90af9f000 	C:\Windows\SYSTEM32\wintypes.dll
0x00007ff90e5e0000 - 0x00007ff90e6d9000 	C:\Windows\System32\SHCORE.dll
0x00007ff90f9f0000 - 0x00007ff90fa4e000 	C:\Windows\System32\shlwapi.dll
0x00007ff90cfb0000 - 0x00007ff90cfd7000 	C:\Windows\SYSTEM32\profapi.dll
0x00007ff8e9b60000 - 0x00007ff8e9b79000 	D:\jdk-17.0.16_windows-x64_bin\jdk-17.0.16\bin\net.dll
0x00007ff909b50000 - 0x00007ff909c86000 	C:\Windows\SYSTEM32\WINHTTP.dll
0x00007ff90c5e0000 - 0x00007ff90c649000 	C:\Windows\system32\mswsock.dll
0x00007ff8e9ad0000 - 0x00007ff8e9ae6000 	D:\jdk-17.0.16_windows-x64_bin\jdk-17.0.16\bin\nio.dll
0x00007ff8e9ab0000 - 0x00007ff8e9ac8000 	D:\jdk-17.0.16_windows-x64_bin\jdk-17.0.16\bin\zip.dll
0x00007ff8e9970000 - 0x00007ff8e9994000 	D:\apache-maven-3.9.11-bin\apache-maven-3.9.11\lib\jansi-native\Windows\x86_64\jansi.dll
0x00007ff8fd880000 - 0x00007ff8fd890000 	D:\jdk-17.0.16_windows-x64_bin\jdk-17.0.16\bin\verify.dll

dbghelp: loaded successfully - version: 4.0.5 - missing functions: none
symbol engine: initialized successfully - sym options: 0x614 - pdb path: .;D:\jdk-17.0.16_windows-x64_bin\jdk-17.0.16\bin;C:\Windows\SYSTEM32;C:\Windows\WinSxS\amd64_microsoft.windows.common-controls_6595b64144ccf1df_6.0.22621.3672_none_2713b9d173822955;D:\jdk-17.0.16_windows-x64_bin\jdk-17.0.16\bin\server;D:\apache-maven-3.9.11-bin\apache-maven-3.9.11\lib\jansi-native\Windows\x86_64

VM Arguments:
jvm_args: --add-opens=java.base/java.lang=ALL-UNNAMED --add-opens=java.base/java.util=ALL-UNNAMED --add-opens=java.base/java.lang.reflect=ALL-UNNAMED --add-opens=java.base/java.text=ALL-UNNAMED --add-opens=java.desktop/java.awt.font=ALL-UNNAMED --enable-native-access=ALL-UNNAMED -Dclassworlds.conf=D:\apache-maven-3.9.11-bin\apache-maven-3.9.11\bin\m2.conf -Dmaven.home=D:\apache-maven-3.9.11-bin\apache-maven-3.9.11 -Dlibrary.jansi.path=D:\apache-maven-3.9.11-bin\apache-maven-3.9.11\lib\jansi-native -Dmaven.multiModuleProjectDirectory=D:\Capstone\QhomeBase\QhomeBase 
java_command: org.codehaus.plexus.classworlds.launcher.Launcher spring-boot:run
java_class_path (initial): D:\apache-maven-3.9.11-bin\apache-maven-3.9.11\boot\plexus-classworlds-2.9.0.jar
Launcher Type: SUN_STANDARD

[Global flags]
     intx CICompilerCount                          = 12                                        {product} {ergonomic}
     uint ConcGCThreads                            = 3                                         {product} {ergonomic}
     uint G1ConcRefinementThreads                  = 13                                        {product} {ergonomic}
   size_t G1HeapRegionSize                         = 2097152                                   {product} {ergonomic}
    uintx GCDrainStackTargetSize                   = 64                                        {product} {ergonomic}
   size_t InitialHeapSize                          = 266338304                                 {product} {ergonomic}
   size_t MarkStackSize                            = 4194304                                   {product} {ergonomic}
   size_t MaxHeapSize                              = 4257218560                                {product} {ergonomic}
   size_t MaxNewSize                               = 2554331136                                {product} {ergonomic}
   size_t MinHeapDeltaBytes                        = 2097152                                   {product} {ergonomic}
   size_t MinHeapSize                              = 8388608                                   {product} {ergonomic}
    uintx NonNMethodCodeHeapSize                   = 7602480                                {pd product} {ergonomic}
    uintx NonProfiledCodeHeapSize                  = 122027880                              {pd product} {ergonomic}
    uintx ProfiledCodeHeapSize                     = 122027880                              {pd product} {ergonomic}
    uintx ReservedCodeCacheSize                    = 251658240                              {pd product} {ergonomic}
     bool SegmentedCodeCache                       = true                                      {product} {ergonomic}
   size_t SoftMaxHeapSize                          = 4257218560                             {manageable} {ergonomic}
     bool UseCompressedClassPointers               = true                           {product lp64_product} {ergonomic}
     bool UseCompressedOops                        = true                           {product lp64_product} {ergonomic}
     bool UseG1GC                                  = true                                      {product} {ergonomic}
     bool UseLargePagesIndividualAllocation        = false                                  {pd product} {ergonomic}

Logging:
Log output configuration:
 #0: stdout all=warning uptime,level,tags
 #1: stderr all=off uptime,level,tags

Environment Variables:
JAVA_HOME=D:\jdk-17.0.16_windows-x64_bin\jdk-17.0.16
PATH=D:\jdk-17.0.16_windows-x64_bin\jdk-17.0.16\bin;C:\Python313\Scripts\;C:\Python313\;C:\Program Files\Microsoft SDKs\Azure\CLI2\wbin;C:\Program Files\Common Files\Oracle\Java\javapath;C:\Windows\system32;C:\Windows;C:\Windows\System32\Wbem;C:\Windows\System32\WindowsPowerShell\v1.0\;C:\Windows\System32\OpenSSH\;C:\Program Files (x86)\Microsoft SQL Server\160\Tools\Binn\;C:\Program Files\Microsoft SQL Server\160\Tools\Binn\;C:\Program Files\Microsoft SQL Server\Client SDK\ODBC\170\Tools\Binn\;C:\Program Files\Microsoft SQL Server\160\DTS\Binn\;C:\Program Files (x86)\Microsoft SQL Server\160\DTS\Binn\;C:\Program Files\Microsoft SQL Server\150\Tools\Binn\;C:\Program Files\dotnet\;C:\Program Files\NVIDIA Corporation\NVIDIA NvDLISR;C:\ProgramData\chocolatey\bin;C:\Program Files\nodejs\;C:\Program Files\Git\cmd;C:\Program Files\Docker\Docker\resources\bin;D:\apache-maven-3.9.11-bin\apache-maven-3.9.11\bin;C:\Program Files\PostgreSQL\17\bin;C:\Users\Legion\AppData\Local\Microsoft\WindowsApps;C:\Users\Legion\.dotnet\tools;C:\Users\Legion\AppData\Local\GitHubDesktop\bin;C:\Users\Legion\AppData\Local\Programs\Microsoft VS Code\bin;C:\Users\Legion\AppData\Local\Programs\cursor\resources\app\bin;C:\Users\Legion\AppData\Roaming\npm;C:\src\flutter\bin;
USERNAME=Legion
OS=Windows_NT
PROCESSOR_IDENTIFIER=AMD64 Family 25 Model 80 Stepping 0, AuthenticAMD



---------------  S Y S T E M  ---------------

OS:
 Windows 11 , 64 bit Build 22621 (10.0.22621.3958)
OS uptime: 0 days 9:00 hours
Hyper-V role detected

CPU: total 16 (initial active 16) (16 cores per cpu, 2 threads per core) family 25 model 80 stepping 0 microcode 0x0, cx8, cmov, fxsr, ht, mmx, 3dnowpref, sse, sse2, sse3, ssse3, sse4a, sse4.1, sse4.2, popcnt, lzcnt, tsc, tscinvbit, avx, avx2, aes, erms, clmul, bmi1, bmi2, adx, sha, fma, vzeroupper, clflush, clflushopt, hv

Memory: 4k page, system-wide physical 16236M (337M free)
TotalPageFile size 41927M (AvailPageFile size 2M)
current process WorkingSet (physical memory assigned to process): 294M, peak: 294M
current process commit charge ("private bytes"): 408M, peak: 409M

vm_info: Java HotSpot(TM) 64-Bit Server VM (17.0.16+12-LTS-247) for windows-amd64 JRE (17.0.16+12-LTS-247), built on Jun 27 2025 10:11:42 by "mach5one" with MS VC++ 17.6 (VS2022)

END.
